FEED '\x1b[<35;63;17m'
character='\x1b'
sequence='\x1b['
sequence='\x1b[<'
sequence='\x1b[<3'
sequence='\x1b[<35'
sequence='\x1b[<35;'
sequence='\x1b[<35;6'
sequence='\x1b[<35;63'
sequence='\x1b[<35;63;'
sequence='\x1b[<35;63;1'
sequence='\x1b[<35;63;17'
sequence='\x1b[<35;63;17m'
FEED '\x1b[<35;63;18m'
character='\x1b'
sequence='\x1b['
sequence='\x1b[<'
sequence='\x1b[<3'
sequence='\x1b[<35'
sequence='\x1b[<35;'
sequence='\x1b[<35;6'
sequence='\x1b[<35;63'
sequence='\x1b[<35;63;'
sequence='\x1b[<35;63;1'
sequence='\x1b[<35;63;18'
sequence='\x1b[<35;63;18m'
FEED '\x1b[<35;62;18m'
character='\x1b'
sequence='\x1b['
sequence='\x1b[<'
sequence='\x1b[<3'
sequence='\x1b[<35'
sequence='\x1b[<35;'
sequence='\x1b[<35;6'
sequence='\x1b[<35;62'
sequence='\x1b[<35;62;'
sequence='\x1b[<35;62;1'
sequence='\x1b[<35;62;18'
sequence='\x1b[<35;62;18m'
FEED '\x1b[<35;61;18m'
character='\x1b'
sequence='\x1b['
sequence='\x1b[<'
sequence='\x1b[<3'
sequence='\x1b[<35'
sequence='\x1b[<35;'
sequence='\x1b[<35;6'
sequence='\x1b[<35;61'
sequence='\x1b[<35;61;'
sequence='\x1b[<35;61;1'
sequence='\x1b[<35;61;18'
sequence='\x1b[<35;61;18m'
FEED '\x1b[<35;59;18m'
character='\x1b'
sequence='\x1b['
sequence='\x1b[<'
sequence='\x1b[<3'
sequence='\x1b[<35'
sequence='\x1b[<35;'
sequence='\x1b[<35;5'
sequence='\x1b[<35;59'
sequence='\x1b[<35;59;'
sequence='\x1b[<35;59;1'
sequence='\x1b[<35;59;18'
sequence='\x1b[<35;59;18m'
FEED '\x1b[<35;58;18m'
character='\x1b'
sequence='\x1b['
sequence='\x1b[<'
sequence='\x1b[<3'
sequence='\x1b[<35'
sequence='\x1b[<35;'
sequence='\x1b[<35;5'
sequence='\x1b[<35;58'
sequence='\x1b[<35;58;'
sequence='\x1b[<35;58;1'
sequence='\x1b[<35;58;18'
sequence='\x1b[<35;58;18m'
FEED '\x1b[<35;56;18m'
character='\x1b'
sequence='\x1b['
sequence='\x1b[<'
sequence='\x1b[<3'
sequence='\x1b[<35'
sequence='\x1b[<35;'
sequence='\x1b[<35;5'
sequence='\x1b[<35;56'
sequence='\x1b[<35;56;'
sequence='\x1b[<35;56;1'
sequence='\x1b[<35;56;18'
sequence='\x1b[<35;56;18m'
FEED '\x1b[<35;53;18m'
character='\x1b'
sequence='\x1b['
sequence='\x1b[<'
sequence='\x1b[<3'
sequence='\x1b[<35'
sequence='\x1b[<35;'
sequence='\x1b[<35;5'
sequence='\x1b[<35;53'
sequence='\x1b[<35;53;'
sequence='\x1b[<35;53;1'
sequence='\x1b[<35;53;18'
sequence='\x1b[<35;53;18m'
FEED '\x1b[<35;51;18m'
character='\x1b'
sequence='\x1b['
sequence='\x1b[<'
sequence='\x1b[<3'
sequence='\x1b[<35'
sequence='\x1b[<35;'
sequence='\x1b[<35;5'
sequence='\x1b[<35;51'
sequence='\x1b[<35;51;'
sequence='\x1b[<35;51;1'
sequence='\x1b[<35;51;18'
sequence='\x1b[<35;51;18m'
FEED '\x1b[<35;49;18m'
character='\x1b'
sequence='\x1b['
sequence='\x1b[<'
sequence='\x1b[<3'
sequence='\x1b[<35'
sequence='\x1b[<35;'
sequence='\x1b[<35;4'
sequence='\x1b[<35;49'
sequence='\x1b[<35;49;'
sequence='\x1b[<35;49;1'
sequence='\x1b[<35;49;18'
sequence='\x1b[<35;49;18m'
FEED '\x1b[<35;48;18m'
character='\x1b'
sequence='\x1b['
sequence='\x1b[<'
sequence='\x1b[<3'
sequence='\x1b[<35'
sequence='\x1b[<35;'
sequence='\x1b[<35;4'
sequence='\x1b[<35;48'
sequence='\x1b[<35;48;'
sequence='\x1b[<35;48;1'
sequence='\x1b[<35;48;18'
sequence='\x1b[<35;48;18m'
FEED '\x1b[<35;47;18m'
character='\x1b'
sequence='\x1b['
sequence='\x1b[<'
sequence='\x1b[<3'
sequence='\x1b[<35'
sequence='\x1b[<35;'
sequence='\x1b[<35;4'
sequence='\x1b[<35;47'
sequence='\x1b[<35;47;'
sequence='\x1b[<35;47;1'
sequence='\x1b[<35;47;18'
sequence='\x1b[<35;47;18m'
FEED '\x1b[<35;46;18m'
character='\x1b'
sequence='\x1b['
sequence='\x1b[<'
sequence='\x1b[<3'
sequence='\x1b[<35'
sequence='\x1b[<35;'
sequence='\x1b[<35;4'
sequence='\x1b[<35;46'
sequence='\x1b[<35;46;'
sequence='\x1b[<35;46;1'
sequence='\x1b[<35;46;18'
sequence='\x1b[<35;46;18m'
FEED '\x1b[<35;45;18m'
character='\x1b'
sequence='\x1b['
sequence='\x1b[<'
sequence='\x1b[<3'
sequence='\x1b[<35'
sequence='\x1b[<35;'
sequence='\x1b[<35;4'
sequence='\x1b[<35;45'
sequence='\x1b[<35;45;'
sequence='\x1b[<35;45;1'
sequence='\x1b[<35;45;18'
sequence='\x1b[<35;45;18m'
FEED '\x1b[<35;44;18m'
character='\x1b'
sequence='\x1b['
sequence='\x1b[<'
sequence='\x1b[<3'
sequence='\x1b[<35'
sequence='\x1b[<35;'
sequence='\x1b[<35;4'
sequence='\x1b[<35;44'
sequence='\x1b[<35;44;'
sequence='\x1b[<35;44;1'
sequence='\x1b[<35;44;18'
sequence='\x1b[<35;44;18m'
FEED '\x1b[<35;43;18m'
character='\x1b'
sequence='\x1b['
sequence='\x1b[<'
sequence='\x1b[<3'
sequence='\x1b[<35'
sequence='\x1b[<35;'
sequence='\x1b[<35;4'
sequence='\x1b[<35;43'
sequence='\x1b[<35;43;'
sequence='\x1b[<35;43;1'
sequence='\x1b[<35;43;18'
sequence='\x1b[<35;43;18m'
FEED '\x1b[<35;43;17m'
character='\x1b'
sequence='\x1b['
sequence='\x1b[<'
sequence='\x1b[<3'
sequence='\x1b[<35'
sequence='\x1b[<35;'
sequence='\x1b[<35;4'
sequence='\x1b[<35;43'
sequence='\x1b[<35;43;'
sequence='\x1b[<35;43;1'
sequence='\x1b[<35;43;17'
sequence='\x1b[<35;43;17m'
FEED '\x1b[<35;42;17m'
character='\x1b'
sequence='\x1b['
sequence='\x1b[<'
sequence='\x1b[<3'
sequence='\x1b[<35'
sequence='\x1b[<35;'
sequence='\x1b[<35;4'
sequence='\x1b[<35;42'
sequence='\x1b[<35;42;'
sequence='\x1b[<35;42;1'
sequence='\x1b[<35;42;17'
sequence='\x1b[<35;42;17m'
FEED '\x1b[<35;41;17m'
character='\x1b'
sequence='\x1b['
sequence='\x1b[<'
sequence='\x1b[<3'
sequence='\x1b[<35'
sequence='\x1b[<35;'
sequence='\x1b[<35;4'
sequence='\x1b[<35;41'
sequence='\x1b[<35;41;'
sequence='\x1b[<35;41;1'
sequence='\x1b[<35;41;17'
sequence='\x1b[<35;41;17m'
FEED '\x1b[<35;40;16m'
character='\x1b'
sequence='\x1b['
sequence='\x1b[<'
sequence='\x1b[<3'
sequence='\x1b[<35'
sequence='\x1b[<35;'
sequence='\x1b[<35;4'
sequence='\x1b[<35;40'
sequence='\x1b[<35;40;'
sequence='\x1b[<35;40;1'
sequence='\x1b[<35;40;16'
sequence='\x1b[<35;40;16m'
FEED '\x1b[<35;39;16m'
character='\x1b'
sequence='\x1b['
sequence='\x1b[<'
sequence='\x1b[<3'
sequence='\x1b[<35'
sequence='\x1b[<35;'
sequence='\x1b[<35;3'
sequence='\x1b[<35;39'
sequence='\x1b[<35;39;'
sequence='\x1b[<35;39;1'
sequence='\x1b[<35;39;16'
sequence='\x1b[<35;39;16m'
FEED '\x1b[<35;38;15m'
character='\x1b'
sequence='\x1b['
sequence='\x1b[<'
sequence='\x1b[<3'
sequence='\x1b[<35'
sequence='\x1b[<35;'
sequence='\x1b[<35;3'
sequence='\x1b[<35;38'
sequence='\x1b[<35;38;'
sequence='\x1b[<35;38;1'
sequence='\x1b[<35;38;15'
sequence='\x1b[<35;38;15m'
FEED '\x1b[<35;37;15m'
character='\x1b'
sequence='\x1b['
sequence='\x1b[<'
sequence='\x1b[<3'
sequence='\x1b[<35'
sequence='\x1b[<35;'
sequence='\x1b[<35;3'
sequence='\x1b[<35;37'
sequence='\x1b[<35;37;'
sequence='\x1b[<35;37;1'
sequence='\x1b[<35;37;15'
sequence='\x1b[<35;37;15m'
FEED '\x1b[<35;36;15m'
character='\x1b'
sequence='\x1b['
sequence='\x1b[<'
sequence='\x1b[<3'
sequence='\x1b[<35'
sequence='\x1b[<35;'
sequence='\x1b[<35;3'
sequence='\x1b[<35;36'
sequence='\x1b[<35;36;'
sequence='\x1b[<35;36;1'
sequence='\x1b[<35;36;15'
sequence='\x1b[<35;36;15m'
FEED '\x1b[<35;35;14m'
character='\x1b'
sequence='\x1b['
sequence='\x1b[<'
sequence='\x1b[<3'
sequence='\x1b[<35'
sequence='\x1b[<35;'
sequence='\x1b[<35;3'
sequence='\x1b[<35;35'
sequence='\x1b[<35;35;'
sequence='\x1b[<35;35;1'
sequence='\x1b[<35;35;14'
sequence='\x1b[<35;35;14m'
FEED '\x1b[<35;34;14m'
character='\x1b'
sequence='\x1b['
sequence='\x1b[<'
sequence='\x1b[<3'
sequence='\x1b[<35'
sequence='\x1b[<35;'
sequence='\x1b[<35;3'
sequence='\x1b[<35;34'
sequence='\x1b[<35;34;'
sequence='\x1b[<35;34;1'
sequence='\x1b[<35;34;14'
sequence='\x1b[<35;34;14m'
FEED '\x1b[<35;34;13m'
character='\x1b'
sequence='\x1b['
sequence='\x1b[<'
sequence='\x1b[<3'
sequence='\x1b[<35'
sequence='\x1b[<35;'
sequence='\x1b[<35;3'
sequence='\x1b[<35;34'
sequence='\x1b[<35;34;'
sequence='\x1b[<35;34;1'
sequence='\x1b[<35;34;13'
sequence='\x1b[<35;34;13m'
FEED '\x1b[<35;33;13m'
character='\x1b'
sequence='\x1b['
sequence='\x1b[<'
sequence='\x1b[<3'
sequence='\x1b[<35'
sequence='\x1b[<35;'
sequence='\x1b[<35;3'
sequence='\x1b[<35;33'
sequence='\x1b[<35;33;'
sequence='\x1b[<35;33;1'
sequence='\x1b[<35;33;13'
sequence='\x1b[<35;33;13m'
FEED '\x1b[<35;32;12m'
character='\x1b'
sequence='\x1b['
sequence='\x1b[<'
sequence='\x1b[<3'
sequence='\x1b[<35'
sequence='\x1b[<35;'
sequence='\x1b[<35;3'
sequence='\x1b[<35;32'
sequence='\x1b[<35;32;'
sequence='\x1b[<35;32;1'
sequence='\x1b[<35;32;12'
sequence='\x1b[<35;32;12m'
FEED '\x1b[<35;31;12m'
character='\x1b'
sequence='\x1b['
sequence='\x1b[<'
sequence='\x1b[<3'
sequence='\x1b[<35'
sequence='\x1b[<35;'
sequence='\x1b[<35;3'
sequence='\x1b[<35;31'
sequence='\x1b[<35;31;'
sequence='\x1b[<35;31;1'
sequence='\x1b[<35;31;12'
sequence='\x1b[<35;31;12m'
FEED '\x1b[<35;29;11m'
character='\x1b'
sequence='\x1b['
sequence='\x1b[<'
sequence='\x1b[<3'
sequence='\x1b[<35'
sequence='\x1b[<35;'
sequence='\x1b[<35;2'
sequence='\x1b[<35;29'
sequence='\x1b[<35;29;'
sequence='\x1b[<35;29;1'
sequence='\x1b[<35;29;11'
sequence='\x1b[<35;29;11m'
FEED '\x1b[<35;28;11m'
character='\x1b'
sequence='\x1b['
sequence='\x1b[<'
sequence='\x1b[<3'
sequence='\x1b[<35'
sequence='\x1b[<35;'
sequence='\x1b[<35;2'
sequence='\x1b[<35;28'
sequence='\x1b[<35;28;'
sequence='\x1b[<35;28;1'
sequence='\x1b[<35;28;11'
sequence='\x1b[<35;28;11m'
FEED '\x1b[<35;26;10m'
character='\x1b'
sequence='\x1b['
sequence='\x1b[<'
sequence='\x1b[<3'
sequence='\x1b[<35'
sequence='\x1b[<35;'
sequence='\x1b[<35;2'
sequence='\x1b[<35;26'
sequence='\x1b[<35;26;'
sequence='\x1b[<35;26;1'
sequence='\x1b[<35;26;10'
sequence='\x1b[<35;26;10m'
FEED '\x1b[<35;23;10m'
character='\x1b'
sequence='\x1b['
sequence='\x1b[<'
sequence='\x1b[<3'
sequence='\x1b[<35'
sequence='\x1b[<35;'
sequence='\x1b[<35;2'
sequence='\x1b[<35;23'
sequence='\x1b[<35;23;'
sequence='\x1b[<35;23;1'
sequence='\x1b[<35;23;10'
sequence='\x1b[<35;23;10m'
FEED '\x1b[<35;21;9m'
character='\x1b'
sequence='\x1b['
sequence='\x1b[<'
sequence='\x1b[<3'
sequence='\x1b[<35'
sequence='\x1b[<35;'
sequence='\x1b[<35;2'
sequence='\x1b[<35;21'
sequence='\x1b[<35;21;'
sequence='\x1b[<35;21;9'
sequence='\x1b[<35;21;9m'
FEED '\x1b[<35;19;9m'
character='\x1b'
sequence='\x1b['
sequence='\x1b[<'
sequence='\x1b[<3'
sequence='\x1b[<35'
sequence='\x1b[<35;'
sequence='\x1b[<35;1'
sequence='\x1b[<35;19'
sequence='\x1b[<35;19;'
sequence='\x1b[<35;19;9'
sequence='\x1b[<35;19;9m'
FEED '\x1b[<35;17;8m'
character='\x1b'
sequence='\x1b['
sequence='\x1b[<'
sequence='\x1b[<3'
sequence='\x1b[<35'
sequence='\x1b[<35;'
sequence='\x1b[<35;1'
sequence='\x1b[<35;17'
sequence='\x1b[<35;17;'
sequence='\x1b[<35;17;8'
sequence='\x1b[<35;17;8m'
FEED '\x1b[<35;16;8m'
character='\x1b'
sequence='\x1b['
sequence='\x1b[<'
sequence='\x1b[<3'
sequence='\x1b[<35'
sequence='\x1b[<35;'
sequence='\x1b[<35;1'
sequence='\x1b[<35;16'
sequence='\x1b[<35;16;'
sequence='\x1b[<35;16;8'
sequence='\x1b[<35;16;8m'
FEED '\x1b[<35;15;8m'
character='\x1b'
sequence='\x1b['
sequence='\x1b[<'
sequence='\x1b[<3'
sequence='\x1b[<35'
sequence='\x1b[<35;'
sequence='\x1b[<35;1'
sequence='\x1b[<35;15'
sequence='\x1b[<35;15;'
sequence='\x1b[<35;15;8'
sequence='\x1b[<35;15;8m'
FEED '\x1b[<35;14;7m'
character='\x1b'
sequence='\x1b['
sequence='\x1b[<'
sequence='\x1b[<3'
sequence='\x1b[<35'
sequence='\x1b[<35;'
sequence='\x1b[<35;1'
sequence='\x1b[<35;14'
sequence='\x1b[<35;14;'
sequence='\x1b[<35;14;7'
sequence='\x1b[<35;14;7m'
FEED '\x1b[<35;13;7m'
character='\x1b'
sequence='\x1b['
sequence='\x1b[<'
sequence='\x1b[<3'
sequence='\x1b[<35'
sequence='\x1b[<35;'
sequence='\x1b[<35;1'
sequence='\x1b[<35;13'
sequence='\x1b[<35;13;'
sequence='\x1b[<35;13;7'
sequence='\x1b[<35;13;7m'
FEED '\x1b[<35;12;7m'
character='\x1b'
sequence='\x1b['
sequence='\x1b[<'
sequence='\x1b[<3'
sequence='\x1b[<35'
sequence='\x1b[<35;'
sequence='\x1b[<35;1'
sequence='\x1b[<35;12'
sequence='\x1b[<35;12;'
sequence='\x1b[<35;12;7'
sequence='\x1b[<35;12;7m'
FEED '\x1b[<35;11;7m'
character='\x1b'
sequence='\x1b['
sequence='\x1b[<'
sequence='\x1b[<3'
sequence='\x1b[<35'
sequence='\x1b[<35;'
sequence='\x1b[<35;1'
sequence='\x1b[<35;11'
sequence='\x1b[<35;11;'
sequence='\x1b[<35;11;7'
sequence='\x1b[<35;11;7m'
FEED '\x1b[<35;10;7m'
character='\x1b'
sequence='\x1b['
sequence='\x1b[<'
sequence='\x1b[<3'
sequence='\x1b[<35'
sequence='\x1b[<35;'
sequence='\x1b[<35;1'
sequence='\x1b[<35;10'
sequence='\x1b[<35;10;'
sequence='\x1b[<35;10;7'
sequence='\x1b[<35;10;7m'
FEED '\x1b[<0;10;7M'
character='\x1b'
sequence='\x1b['
sequence='\x1b[<'
sequence='\x1b[<0'
sequence='\x1b[<0;'
sequence='\x1b[<0;1'
sequence='\x1b[<0;10'
sequence='\x1b[<0;10;'
sequence='\x1b[<0;10;7'
sequence='\x1b[<0;10;7M'
FEED '\x1b[<32;10;6M'
character='\x1b'
sequence='\x1b['
sequence='\x1b[<'
sequence='\x1b[<3'
sequence='\x1b[<32'
sequence='\x1b[<32;'
sequence='\x1b[<32;1'
sequence='\x1b[<32;10'
sequence='\x1b[<32;10;'
sequence='\x1b[<32;10;6'
sequence='\x1b[<32;10;6M'
FEED '\x1b[<0;10;6m'
character='\x1b'
sequence='\x1b['
sequence='\x1b[<'
sequence='\x1b[<0'
sequence='\x1b[<0;'
sequence='\x1b[<0;1'
sequence='\x1b[<0;10'
sequence='\x1b[<0;10;'
sequence='\x1b[<0;10;6'
sequence='\x1b[<0;10;6m'
FEED '\x1b[<35;10;7m'
character='\x1b'
sequence='\x1b['
sequence='\x1b[<'
sequence='\x1b[<3'
sequence='\x1b[<35'
sequence='\x1b[<35;'
sequence='\x1b[<35;1'
sequence='\x1b[<35;10'
sequence='\x1b[<35;10;'
sequence='\x1b[<35;10;7'
sequence='\x1b[<35;10;7m'
FEED '\x1b[<35;11;7m'
character='\x1b'
sequence='\x1b['
sequence='\x1b[<'
sequence='\x1b[<3'
sequence='\x1b[<35'
sequence='\x1b[<35;'
sequence='\x1b[<35;1'
sequence='\x1b[<35;11'
sequence='\x1b[<35;11;'
sequence='\x1b[<35;11;7'
sequence='\x1b[<35;11;7m'
FEED '\x1b[<35;12;7m'
character='\x1b'
sequence='\x1b['
sequence='\x1b[<'
sequence='\x1b[<3'
sequence='\x1b[<35'
sequence='\x1b[<35;'
sequence='\x1b[<35;1'
sequence='\x1b[<35;12'
sequence='\x1b[<35;12;'
sequence='\x1b[<35;12;7'
sequence='\x1b[<35;12;7m'
FEED '\x1b[<35;13;7m'
character='\x1b'
sequence='\x1b['
sequence='\x1b[<'
sequence='\x1b[<3'
sequence='\x1b[<35'
sequence='\x1b[<35;'
sequence='\x1b[<35;1'
sequence='\x1b[<35;13'
sequence='\x1b[<35;13;'
sequence='\x1b[<35;13;7'
sequence='\x1b[<35;13;7m'
FEED '\x1b[<35;14;7m'
character='\x1b'
sequence='\x1b['
sequence='\x1b[<'
sequence='\x1b[<3'
sequence='\x1b[<35'
sequence='\x1b[<35;'
sequence='\x1b[<35;1'
sequence='\x1b[<35;14'
sequence='\x1b[<35;14;'
sequence='\x1b[<35;14;7'
sequence='\x1b[<35;14;7m'
FEED '\x1b[<35;15;7m'
character='\x1b'
sequence='\x1b['
sequence='\x1b[<'
sequence='\x1b[<3'
sequence='\x1b[<35'
sequence='\x1b[<35;'
sequence='\x1b[<35;1'
sequence='\x1b[<35;15'
sequence='\x1b[<35;15;'
sequence='\x1b[<35;15;7'
sequence='\x1b[<35;15;7m'
FEED '\x1b[<35;17;7m'
character='\x1b'
sequence='\x1b['
sequence='\x1b[<'
sequence='\x1b[<3'
sequence='\x1b[<35'
sequence='\x1b[<35;'
sequence='\x1b[<35;1'
sequence='\x1b[<35;17'
sequence='\x1b[<35;17;'
sequence='\x1b[<35;17;7'
sequence='\x1b[<35;17;7m'
FEED '\x1b[<35;18;7m'
character='\x1b'
sequence='\x1b['
sequence='\x1b[<'
sequence='\x1b[<3'
sequence='\x1b[<35'
sequence='\x1b[<35;'
sequence='\x1b[<35;1'
sequence='\x1b[<35;18'
sequence='\x1b[<35;18;'
sequence='\x1b[<35;18;7'
sequence='\x1b[<35;18;7m'
FEED '\x1b[<35;19;7m'
character='\x1b'
sequence='\x1b['
sequence='\x1b[<'
sequence='\x1b[<3'
sequence='\x1b[<35'
sequence='\x1b[<35;'
sequence='\x1b[<35;1'
sequence='\x1b[<35;19'
sequence='\x1b[<35;19;'
sequence='\x1b[<35;19;7'
sequence='\x1b[<35;19;7m'
FEED '\x1b[<35;20;7m'
character='\x1b'
sequence='\x1b['
sequence='\x1b[<'
sequence='\x1b[<3'
sequence='\x1b[<35'
sequence='\x1b[<35;'
sequence='\x1b[<35;2'
sequence='\x1b[<35;20'
sequence='\x1b[<35;20;'
sequence='\x1b[<35;20;7'
sequence='\x1b[<35;20;7m'
FEED '\x1b[<35;21;7m'
character='\x1b'
sequence='\x1b['
sequence='\x1b[<'
sequence='\x1b[<3'
sequence='\x1b[<35'
sequence='\x1b[<35;'
sequence='\x1b[<35;2'
sequence='\x1b[<35;21'
sequence='\x1b[<35;21;'
sequence='\x1b[<35;21;7'
sequence='\x1b[<35;21;7m'
FEED '\x1b[<35;22;7m'
character='\x1b'
sequence='\x1b['
sequence='\x1b[<'
sequence='\x1b[<3'
sequence='\x1b[<35'
sequence='\x1b[<35;'
sequence='\x1b[<35;2'
sequence='\x1b[<35;22'
sequence='\x1b[<35;22;'
sequence='\x1b[<35;22;7'
sequence='\x1b[<35;22;7m'
FEED '\x1b[<35;23;7m'
character='\x1b'
sequence='\x1b['
sequence='\x1b[<'
sequence='\x1b[<3'
sequence='\x1b[<35'
sequence='\x1b[<35;'
sequence='\x1b[<35;2'
sequence='\x1b[<35;23'
sequence='\x1b[<35;23;'
sequence='\x1b[<35;23;7'
sequence='\x1b[<35;23;7m'
FEED '\x1b[<35;25;8m'
character='\x1b'
sequence='\x1b['
sequence='\x1b[<'
sequence='\x1b[<3'
sequence='\x1b[<35'
sequence='\x1b[<35;'
sequence='\x1b[<35;2'
sequence='\x1b[<35;25'
sequence='\x1b[<35;25;'
sequence='\x1b[<35;25;8'
sequence='\x1b[<35;25;8m'
FEED '\x1b[<35;27;8m'
character='\x1b'
sequence='\x1b['
sequence='\x1b[<'
sequence='\x1b[<3'
sequence='\x1b[<35'
sequence='\x1b[<35;'
sequence='\x1b[<35;2'
sequence='\x1b[<35;27'
sequence='\x1b[<35;27;'
sequence='\x1b[<35;27;8'
sequence='\x1b[<35;27;8m'
FEED '\x1b[<35;28;8m'
character='\x1b'
sequence='\x1b['
sequence='\x1b[<'
sequence='\x1b[<3'
sequence='\x1b[<35'
sequence='\x1b[<35;'
sequence='\x1b[<35;2'
sequence='\x1b[<35;28'
sequence='\x1b[<35;28;'
sequence='\x1b[<35;28;8'
sequence='\x1b[<35;28;8m'
FEED '\x1b[<35;29;7m'
character='\x1b'
sequence='\x1b['
sequence='\x1b[<'
sequence='\x1b[<3'
sequence='\x1b[<35'
sequence='\x1b[<35;'
sequence='\x1b[<35;2'
sequence='\x1b[<35;29'
sequence='\x1b[<35;29;'
sequence='\x1b[<35;29;7'
sequence='\x1b[<35;29;7m'
FEED '\x1b[<35;30;7m'
character='\x1b'
sequence='\x1b['
sequence='\x1b[<'
sequence='\x1b[<3'
sequence='\x1b[<35'
sequence='\x1b[<35;'
sequence='\x1b[<35;3'
sequence='\x1b[<35;30'
sequence='\x1b[<35;30;'
sequence='\x1b[<35;30;7'
sequence='\x1b[<35;30;7m'
FEED '\x1b[<35;31;7m'
character='\x1b'
sequence='\x1b['
sequence='\x1b[<'
sequence='\x1b[<3'
sequence='\x1b[<35'
sequence='\x1b[<35;'
sequence='\x1b[<35;3'
sequence='\x1b[<35;31'
sequence='\x1b[<35;31;'
sequence='\x1b[<35;31;7'
sequence='\x1b[<35;31;7m'
FEED '\x1b[<35;33;7m'
character='\x1b'
sequence='\x1b['
sequence='\x1b[<'
sequence='\x1b[<3'
sequence='\x1b[<35'
sequence='\x1b[<35;'
sequence='\x1b[<35;3'
sequence='\x1b[<35;33'
sequence='\x1b[<35;33;'
sequence='\x1b[<35;33;7'
sequence='\x1b[<35;33;7m'
FEED '\x1b[<35;34;7m'
character='\x1b'
sequence='\x1b['
sequence='\x1b[<'
sequence='\x1b[<3'
sequence='\x1b[<35'
sequence='\x1b[<35;'
sequence='\x1b[<35;3'
sequence='\x1b[<35;34'
sequence='\x1b[<35;34;'
sequence='\x1b[<35;34;7'
sequence='\x1b[<35;34;7m'
FEED '\x1b[<35;36;7m'
character='\x1b'
sequence='\x1b['
sequence='\x1b[<'
sequence='\x1b[<3'
sequence='\x1b[<35'
sequence='\x1b[<35;'
sequence='\x1b[<35;3'
sequence='\x1b[<35;36'
sequence='\x1b[<35;36;'
sequence='\x1b[<35;36;7'
sequence='\x1b[<35;36;7m'
FEED '\x1b[<35;37;7m'
character='\x1b'
sequence='\x1b['
sequence='\x1b[<'
sequence='\x1b[<3'
sequence='\x1b[<35'
sequence='\x1b[<35;'
sequence='\x1b[<35;3'
sequence='\x1b[<35;37'
sequence='\x1b[<35;37;'
sequence='\x1b[<35;37;7'
sequence='\x1b[<35;37;7m'
FEED '\x1b[<35;38;7m'
character='\x1b'
sequence='\x1b['
sequence='\x1b[<'
sequence='\x1b[<3'
sequence='\x1b[<35'
sequence='\x1b[<35;'
sequence='\x1b[<35;3'
sequence='\x1b[<35;38'
sequence='\x1b[<35;38;'
sequence='\x1b[<35;38;7'
sequence='\x1b[<35;38;7m'
FEED '\x1b[<35;39;7m'
character='\x1b'
sequence='\x1b['
sequence='\x1b[<'
sequence='\x1b[<3'
sequence='\x1b[<35'
sequence='\x1b[<35;'
sequence='\x1b[<35;3'
sequence='\x1b[<35;39'
sequence='\x1b[<35;39;'
sequence='\x1b[<35;39;7'
sequence='\x1b[<35;39;7m'
FEED '\x1b[<35;40;7m'
character='\x1b'
sequence='\x1b['
sequence='\x1b[<'
sequence='\x1b[<3'
sequence='\x1b[<35'
sequence='\x1b[<35;'
sequence='\x1b[<35;4'
sequence='\x1b[<35;40'
sequence='\x1b[<35;40;'
sequence='\x1b[<35;40;7'
sequence='\x1b[<35;40;7m'
FEED '\x1b[<35;41;7m'
character='\x1b'
sequence='\x1b['
sequence='\x1b[<'
sequence='\x1b[<3'
sequence='\x1b[<35'
sequence='\x1b[<35;'
sequence='\x1b[<35;4'
sequence='\x1b[<35;41'
sequence='\x1b[<35;41;'
sequence='\x1b[<35;41;7'
sequence='\x1b[<35;41;7m'
FEED '\x1b[<35;42;7m'
character='\x1b'
sequence='\x1b['
sequence='\x1b[<'
sequence='\x1b[<3'
sequence='\x1b[<35'
sequence='\x1b[<35;'
sequence='\x1b[<35;4'
sequence='\x1b[<35;42'
sequence='\x1b[<35;42;'
sequence='\x1b[<35;42;7'
sequence='\x1b[<35;42;7m'
FEED '\x1b[<35;42;8m'
character='\x1b'
sequence='\x1b['
sequence='\x1b[<'
sequence='\x1b[<3'
sequence='\x1b[<35'
sequence='\x1b[<35;'
sequence='\x1b[<35;4'
sequence='\x1b[<35;42'
sequence='\x1b[<35;42;'
sequence='\x1b[<35;42;8'
sequence='\x1b[<35;42;8m'
FEED '\x1b[<35;41;8m'
character='\x1b'
sequence='\x1b['
sequence='\x1b[<'
sequence='\x1b[<3'
sequence='\x1b[<35'
sequence='\x1b[<35;'
sequence='\x1b[<35;4'
sequence='\x1b[<35;41'
sequence='\x1b[<35;41;'
sequence='\x1b[<35;41;8'
sequence='\x1b[<35;41;8m'
FEED '\x1b[<35;40;8m'
character='\x1b'
sequence='\x1b['
sequence='\x1b[<'
sequence='\x1b[<3'
sequence='\x1b[<35'
sequence='\x1b[<35;'
sequence='\x1b[<35;4'
sequence='\x1b[<35;40'
sequence='\x1b[<35;40;'
sequence='\x1b[<35;40;8'
sequence='\x1b[<35;40;8m'
FEED '\x1b[<35;39;8m'
character='\x1b'
sequence='\x1b['
sequence='\x1b[<'
sequence='\x1b[<3'
sequence='\x1b[<35'
sequence='\x1b[<35;'
sequence='\x1b[<35;3'
sequence='\x1b[<35;39'
sequence='\x1b[<35;39;'
sequence='\x1b[<35;39;8'
sequence='\x1b[<35;39;8m'
FEED '\x1b[<35;38;7m'
character='\x1b'
sequence='\x1b['
sequence='\x1b[<'
sequence='\x1b[<3'
sequence='\x1b[<35'
sequence='\x1b[<35;'
sequence='\x1b[<35;3'
sequence='\x1b[<35;38'
sequence='\x1b[<35;38;'
sequence='\x1b[<35;38;7'
sequence='\x1b[<35;38;7m'
FEED '\x1b[<35;37;7m'
character='\x1b'
sequence='\x1b['
sequence='\x1b[<'
sequence='\x1b[<3'
sequence='\x1b[<35'
sequence='\x1b[<35;'
sequence='\x1b[<35;3'
sequence='\x1b[<35;37'
sequence='\x1b[<35;37;'
sequence='\x1b[<35;37;7'
sequence='\x1b[<35;37;7m'
FEED '\x1b[<35;35;7m'
character='\x1b'
sequence='\x1b['
sequence='\x1b[<'
sequence='\x1b[<3'
sequence='\x1b[<35'
sequence='\x1b[<35;'
sequence='\x1b[<35;3'
sequence='\x1b[<35;35'
sequence='\x1b[<35;35;'
sequence='\x1b[<35;35;7'
sequence='\x1b[<35;35;7m'
FEED '\x1b[<35;34;7m'
character='\x1b'
sequence='\x1b['
sequence='\x1b[<'
sequence='\x1b[<3'
sequence='\x1b[<35'
sequence='\x1b[<35;'
sequence='\x1b[<35;3'
sequence='\x1b[<35;34'
sequence='\x1b[<35;34;'
sequence='\x1b[<35;34;7'
sequence='\x1b[<35;34;7m'
FEED '\x1b[<35;33;7m'
character='\x1b'
sequence='\x1b['
sequence='\x1b[<'
sequence='\x1b[<3'
sequence='\x1b[<35'
sequence='\x1b[<35;'
sequence='\x1b[<35;3'
sequence='\x1b[<35;33'
sequence='\x1b[<35;33;'
sequence='\x1b[<35;33;7'
sequence='\x1b[<35;33;7m'
FEED '\x1b[<35;31;7m'
character='\x1b'
sequence='\x1b['
sequence='\x1b[<'
sequence='\x1b[<3'
sequence='\x1b[<35'
sequence='\x1b[<35;'
sequence='\x1b[<35;3'
sequence='\x1b[<35;31'
sequence='\x1b[<35;31;'
sequence='\x1b[<35;31;7'
sequence='\x1b[<35;31;7m'
FEED '\x1b[<35;30;7m'
character='\x1b'
sequence='\x1b['
sequence='\x1b[<'
sequence='\x1b[<3'
sequence='\x1b[<35'
sequence='\x1b[<35;'
sequence='\x1b[<35;3'
sequence='\x1b[<35;30'
sequence='\x1b[<35;30;'
sequence='\x1b[<35;30;7'
sequence='\x1b[<35;30;7m'
FEED '\x1b[<35;29;7m'
character='\x1b'
sequence='\x1b['
sequence='\x1b[<'
sequence='\x1b[<3'
sequence='\x1b[<35'
sequence='\x1b[<35;'
sequence='\x1b[<35;2'
sequence='\x1b[<35;29'
sequence='\x1b[<35;29;'
sequence='\x1b[<35;29;7'
sequence='\x1b[<35;29;7m'
FEED '\x1b[<35;28;7m'
character='\x1b'
sequence='\x1b['
sequence='\x1b[<'
sequence='\x1b[<3'
sequence='\x1b[<35'
sequence='\x1b[<35;'
sequence='\x1b[<35;2'
sequence='\x1b[<35;28'
sequence='\x1b[<35;28;'
sequence='\x1b[<35;28;7'
sequence='\x1b[<35;28;7m'
FEED '\x1b[<35;27;7m'
character='\x1b'
sequence='\x1b['
sequence='\x1b[<'
sequence='\x1b[<3'
sequence='\x1b[<35'
sequence='\x1b[<35;'
sequence='\x1b[<35;2'
sequence='\x1b[<35;27'
sequence='\x1b[<35;27;'
sequence='\x1b[<35;27;7'
sequence='\x1b[<35;27;7m'
FEED '\x1b[<35;26;7m'
character='\x1b'
sequence='\x1b['
sequence='\x1b[<'
sequence='\x1b[<3'
sequence='\x1b[<35'
sequence='\x1b[<35;'
sequence='\x1b[<35;2'
sequence='\x1b[<35;26'
sequence='\x1b[<35;26;'
sequence='\x1b[<35;26;7'
sequence='\x1b[<35;26;7m'
FEED '\x1b[<35;25;7m'
character='\x1b'
sequence='\x1b['
sequence='\x1b[<'
sequence='\x1b[<3'
sequence='\x1b[<35'
sequence='\x1b[<35;'
sequence='\x1b[<35;2'
sequence='\x1b[<35;25'
sequence='\x1b[<35;25;'
sequence='\x1b[<35;25;7'
sequence='\x1b[<35;25;7m'
FEED '\x1b[<35;24;7m'
character='\x1b'
sequence='\x1b['
sequence='\x1b[<'
sequence='\x1b[<3'
sequence='\x1b[<35'
sequence='\x1b[<35;'
sequence='\x1b[<35;2'
sequence='\x1b[<35;24'
sequence='\x1b[<35;24;'
sequence='\x1b[<35;24;7'
sequence='\x1b[<35;24;7m'
FEED '\x1b[<35;23;6m'
character='\x1b'
sequence='\x1b['
sequence='\x1b[<'
sequence='\x1b[<3'
sequence='\x1b[<35'
sequence='\x1b[<35;'
sequence='\x1b[<35;2'
sequence='\x1b[<35;23'
sequence='\x1b[<35;23;'
sequence='\x1b[<35;23;6'
sequence='\x1b[<35;23;6m'
FEED '\x1b[<35;22;6m'
character='\x1b'
sequence='\x1b['
sequence='\x1b[<'
sequence='\x1b[<3'
sequence='\x1b[<35'
sequence='\x1b[<35;'
sequence='\x1b[<35;2'
sequence='\x1b[<35;22'
sequence='\x1b[<35;22;'
sequence='\x1b[<35;22;6'
sequence='\x1b[<35;22;6m'
FEED '\x1b[<35;21;6m'
character='\x1b'
sequence='\x1b['
sequence='\x1b[<'
sequence='\x1b[<3'
sequence='\x1b[<35'
sequence='\x1b[<35;'
sequence='\x1b[<35;2'
sequence='\x1b[<35;21'
sequence='\x1b[<35;21;'
sequence='\x1b[<35;21;6'
sequence='\x1b[<35;21;6m'
FEED '\x1b[<35;20;6m'
character='\x1b'
sequence='\x1b['
sequence='\x1b[<'
sequence='\x1b[<3'
sequence='\x1b[<35'
sequence='\x1b[<35;'
sequence='\x1b[<35;2'
sequence='\x1b[<35;20'
sequence='\x1b[<35;20;'
sequence='\x1b[<35;20;6'
sequence='\x1b[<35;20;6m'
FEED '\x1b[<35;19;6m'
character='\x1b'
sequence='\x1b['
sequence='\x1b[<'
sequence='\x1b[<3'
sequence='\x1b[<35'
sequence='\x1b[<35;'
sequence='\x1b[<35;1'
sequence='\x1b[<35;19'
sequence='\x1b[<35;19;'
sequence='\x1b[<35;19;6'
sequence='\x1b[<35;19;6m'
FEED '\x1b[<35;18;6m'
character='\x1b'
sequence='\x1b['
sequence='\x1b[<'
sequence='\x1b[<3'
sequence='\x1b[<35'
sequence='\x1b[<35;'
sequence='\x1b[<35;1'
sequence='\x1b[<35;18'
sequence='\x1b[<35;18;'
sequence='\x1b[<35;18;6'
sequence='\x1b[<35;18;6m'
FEED '\x1b[<35;17;6m'
character='\x1b'
sequence='\x1b['
sequence='\x1b[<'
sequence='\x1b[<3'
sequence='\x1b[<35'
sequence='\x1b[<35;'
sequence='\x1b[<35;1'
sequence='\x1b[<35;17'
sequence='\x1b[<35;17;'
sequence='\x1b[<35;17;6'
sequence='\x1b[<35;17;6m'
FEED '\x1b[<35;16;6m'
character='\x1b'
sequence='\x1b['
sequence='\x1b[<'
sequence='\x1b[<3'
sequence='\x1b[<35'
sequence='\x1b[<35;'
sequence='\x1b[<35;1'
sequence='\x1b[<35;16'
sequence='\x1b[<35;16;'
sequence='\x1b[<35;16;6'
sequence='\x1b[<35;16;6m'
FEED '\x1b[<35;15;6m'
character='\x1b'
sequence='\x1b['
sequence='\x1b[<'
sequence='\x1b[<3'
sequence='\x1b[<35'
sequence='\x1b[<35;'
sequence='\x1b[<35;1'
sequence='\x1b[<35;15'
sequence='\x1b[<35;15;'
sequence='\x1b[<35;15;6'
sequence='\x1b[<35;15;6m'
FEED '\x1b[<35;15;7m'
character='\x1b'
sequence='\x1b['
sequence='\x1b[<'
sequence='\x1b[<3'
sequence='\x1b[<35'
sequence='\x1b[<35;'
sequence='\x1b[<35;1'
sequence='\x1b[<35;15'
sequence='\x1b[<35;15;'
sequence='\x1b[<35;15;7'
sequence='\x1b[<35;15;7m'
FEED '\x1b[<35;14;7m'
character='\x1b'
sequence='\x1b['
sequence='\x1b[<'
sequence='\x1b[<3'
sequence='\x1b[<35'
sequence='\x1b[<35;'
sequence='\x1b[<35;1'
sequence='\x1b[<35;14'
sequence='\x1b[<35;14;'
sequence='\x1b[<35;14;7'
sequence='\x1b[<35;14;7m'
FEED '\x1b[<35;13;7m'
character='\x1b'
sequence='\x1b['
sequence='\x1b[<'
sequence='\x1b[<3'
sequence='\x1b[<35'
sequence='\x1b[<35;'
sequence='\x1b[<35;1'
sequence='\x1b[<35;13'
sequence='\x1b[<35;13;'
sequence='\x1b[<35;13;7'
sequence='\x1b[<35;13;7m'
FEED '\x1b[<35;12;7m'
character='\x1b'
sequence='\x1b['
sequence='\x1b[<'
sequence='\x1b[<3'
sequence='\x1b[<35'
sequence='\x1b[<35;'
sequence='\x1b[<35;1'
sequence='\x1b[<35;12'
sequence='\x1b[<35;12;'
sequence='\x1b[<35;12;7'
sequence='\x1b[<35;12;7m'
FEED '\x1b[<35;11;7m'
character='\x1b'
sequence='\x1b['
sequence='\x1b[<'
sequence='\x1b[<3'
sequence='\x1b[<35'
sequence='\x1b[<35;'
sequence='\x1b[<35;1'
sequence='\x1b[<35;11'
sequence='\x1b[<35;11;'
sequence='\x1b[<35;11;7'
sequence='\x1b[<35;11;7m'
FEED '\x1b[<35;10;7m'
character='\x1b'
sequence='\x1b['
sequence='\x1b[<'
sequence='\x1b[<3'
sequence='\x1b[<35'
sequence='\x1b[<35;'
sequence='\x1b[<35;1'
sequence='\x1b[<35;10'
sequence='\x1b[<35;10;'
sequence='\x1b[<35;10;7'
sequence='\x1b[<35;10;7m'
FEED '\x1b[<0;10;7M'
character='\x1b'
sequence='\x1b['
sequence='\x1b[<'
sequence='\x1b[<0'
sequence='\x1b[<0;'
sequence='\x1b[<0;1'
sequence='\x1b[<0;10'
sequence='\x1b[<0;10;'
sequence='\x1b[<0;10;7'
sequence='\x1b[<0;10;7M'
FEED '\x1b[<0;10;7m'
character='\x1b'
sequence='\x1b['
sequence='\x1b[<'
sequence='\x1b[<0'
sequence='\x1b[<0;'
sequence='\x1b[<0;1'
sequence='\x1b[<0;10'
sequence='\x1b[<0;10;'
sequence='\x1b[<0;10;7'
sequence='\x1b[<0;10;7m'
FEED '\x1b[<35;10;7m'
character='\x1b'
sequence='\x1b['
sequence='\x1b[<'
sequence='\x1b[<3'
sequence='\x1b[<35'
sequence='\x1b[<35;'
sequence='\x1b[<35;1'
sequence='\x1b[<35;10'
sequence='\x1b[<35;10;'
sequence='\x1b[<35;10;7'
sequence='\x1b[<35;10;7m'
FEED '\x1b[<35;11;7m'
character='\x1b'
sequence='\x1b['
sequence='\x1b[<'
sequence='\x1b[<3'
sequence='\x1b[<35'
sequence='\x1b[<35;'
sequence='\x1b[<35;1'
sequence='\x1b[<35;11'
sequence='\x1b[<35;11;'
sequence='\x1b[<35;11;7'
sequence='\x1b[<35;11;7m'
FEED '\x1b[<35;12;7m'
character='\x1b'
sequence='\x1b['
sequence='\x1b[<'
sequence='\x1b[<3'
sequence='\x1b[<35'
sequence='\x1b[<35;'
sequence='\x1b[<35;1'
sequence='\x1b[<35;12'
sequence='\x1b[<35;12;'
sequence='\x1b[<35;12;7'
sequence='\x1b[<35;12;7m'
FEED '\x1b[<35;13;8m'
character='\x1b'
sequence='\x1b['
sequence='\x1b[<'
sequence='\x1b[<3'
sequence='\x1b[<35'
sequence='\x1b[<35;'
sequence='\x1b[<35;1'
sequence='\x1b[<35;13'
sequence='\x1b[<35;13;'
sequence='\x1b[<35;13;8'
sequence='\x1b[<35;13;8m'
FEED '\x1b[<35;15;8m'
character='\x1b'
sequence='\x1b['
sequence='\x1b[<'
sequence='\x1b[<3'
sequence='\x1b[<35'
sequence='\x1b[<35;'
sequence='\x1b[<35;1'
sequence='\x1b[<35;15'
sequence='\x1b[<35;15;'
sequence='\x1b[<35;15;8'
sequence='\x1b[<35;15;8m'
FEED '\x1b[<35;18;8m'
character='\x1b'
sequence='\x1b['
sequence='\x1b[<'
sequence='\x1b[<3'
sequence='\x1b[<35'
sequence='\x1b[<35;'
sequence='\x1b[<35;1'
sequence='\x1b[<35;18'
sequence='\x1b[<35;18;'
sequence='\x1b[<35;18;8'
sequence='\x1b[<35;18;8m'
FEED '\x1b[<35;21;8m'
character='\x1b'
sequence='\x1b['
sequence='\x1b[<'
sequence='\x1b[<3'
sequence='\x1b[<35'
sequence='\x1b[<35;'
sequence='\x1b[<35;2'
sequence='\x1b[<35;21'
sequence='\x1b[<35;21;'
sequence='\x1b[<35;21;8'
sequence='\x1b[<35;21;8m'
FEED '\x1b[<35;24;9m'
character='\x1b'
sequence='\x1b['
sequence='\x1b[<'
sequence='\x1b[<3'
sequence='\x1b[<35'
sequence='\x1b[<35;'
sequence='\x1b[<35;2'
sequence='\x1b[<35;24'
sequence='\x1b[<35;24;'
sequence='\x1b[<35;24;9'
sequence='\x1b[<35;24;9m'
FEED '\x1b[<35;26;9m'
character='\x1b'
sequence='\x1b['
sequence='\x1b[<'
sequence='\x1b[<3'
sequence='\x1b[<35'
sequence='\x1b[<35;'
sequence='\x1b[<35;2'
sequence='\x1b[<35;26'
sequence='\x1b[<35;26;'
sequence='\x1b[<35;26;9'
sequence='\x1b[<35;26;9m'
FEED '\x1b[<35;28;9m'
character='\x1b'
sequence='\x1b['
sequence='\x1b[<'
sequence='\x1b[<3'
sequence='\x1b[<35'
sequence='\x1b[<35;'
sequence='\x1b[<35;2'
sequence='\x1b[<35;28'
sequence='\x1b[<35;28;'
sequence='\x1b[<35;28;9'
sequence='\x1b[<35;28;9m'
FEED '\x1b[<35;29;9m'
character='\x1b'
sequence='\x1b['
sequence='\x1b[<'
sequence='\x1b[<3'
sequence='\x1b[<35'
sequence='\x1b[<35;'
sequence='\x1b[<35;2'
sequence='\x1b[<35;29'
sequence='\x1b[<35;29;'
sequence='\x1b[<35;29;9'
sequence='\x1b[<35;29;9m'
FEED '\x1b[<35;31;9m'
character='\x1b'
sequence='\x1b['
sequence='\x1b[<'
sequence='\x1b[<3'
sequence='\x1b[<35'
sequence='\x1b[<35;'
sequence='\x1b[<35;3'
sequence='\x1b[<35;31'
sequence='\x1b[<35;31;'
sequence='\x1b[<35;31;9'
sequence='\x1b[<35;31;9m'
FEED '\x1b[<35;32;9m'
character='\x1b'
sequence='\x1b['
sequence='\x1b[<'
sequence='\x1b[<3'
sequence='\x1b[<35'
sequence='\x1b[<35;'
sequence='\x1b[<35;3'
sequence='\x1b[<35;32'
sequence='\x1b[<35;32;'
sequence='\x1b[<35;32;9'
sequence='\x1b[<35;32;9m'
FEED '\x1b[<35;34;9m'
character='\x1b'
sequence='\x1b['
sequence='\x1b[<'
sequence='\x1b[<3'
sequence='\x1b[<35'
sequence='\x1b[<35;'
sequence='\x1b[<35;3'
sequence='\x1b[<35;34'
sequence='\x1b[<35;34;'
sequence='\x1b[<35;34;9'
sequence='\x1b[<35;34;9m'
FEED '\x1b[<35;35;9m'
character='\x1b'
sequence='\x1b['
sequence='\x1b[<'
sequence='\x1b[<3'
sequence='\x1b[<35'
sequence='\x1b[<35;'
sequence='\x1b[<35;3'
sequence='\x1b[<35;35'
sequence='\x1b[<35;35;'
sequence='\x1b[<35;35;9'
sequence='\x1b[<35;35;9m'
FEED '\x1b[<35;36;9m'
character='\x1b'
sequence='\x1b['
sequence='\x1b[<'
sequence='\x1b[<3'
sequence='\x1b[<35'
sequence='\x1b[<35;'
sequence='\x1b[<35;3'
sequence='\x1b[<35;36'
sequence='\x1b[<35;36;'
sequence='\x1b[<35;36;9'
sequence='\x1b[<35;36;9m'
FEED '\x1b[<35;38;10m'
character='\x1b'
sequence='\x1b['
sequence='\x1b[<'
sequence='\x1b[<3'
sequence='\x1b[<35'
sequence='\x1b[<35;'
sequence='\x1b[<35;3'
sequence='\x1b[<35;38'
sequence='\x1b[<35;38;'
sequence='\x1b[<35;38;1'
sequence='\x1b[<35;38;10'
sequence='\x1b[<35;38;10m'
FEED '\x1b[<35;39;10m'
character='\x1b'
sequence='\x1b['
sequence='\x1b[<'
sequence='\x1b[<3'
sequence='\x1b[<35'
sequence='\x1b[<35;'
sequence='\x1b[<35;3'
sequence='\x1b[<35;39'
sequence='\x1b[<35;39;'
sequence='\x1b[<35;39;1'
sequence='\x1b[<35;39;10'
sequence='\x1b[<35;39;10m'
FEED '\x1b[<35;40;10m'
character='\x1b'
sequence='\x1b['
sequence='\x1b[<'
sequence='\x1b[<3'
sequence='\x1b[<35'
sequence='\x1b[<35;'
sequence='\x1b[<35;4'
sequence='\x1b[<35;40'
sequence='\x1b[<35;40;'
sequence='\x1b[<35;40;1'
sequence='\x1b[<35;40;10'
sequence='\x1b[<35;40;10m'
FEED '\x1b[<35;42;10m'
character='\x1b'
sequence='\x1b['
sequence='\x1b[<'
sequence='\x1b[<3'
sequence='\x1b[<35'
sequence='\x1b[<35;'
sequence='\x1b[<35;4'
sequence='\x1b[<35;42'
sequence='\x1b[<35;42;'
sequence='\x1b[<35;42;1'
sequence='\x1b[<35;42;10'
sequence='\x1b[<35;42;10m'
FEED '\x1b[<35;43;10m'
character='\x1b'
sequence='\x1b['
sequence='\x1b[<'
sequence='\x1b[<3'
sequence='\x1b[<35'
sequence='\x1b[<35;'
sequence='\x1b[<35;4'
sequence='\x1b[<35;43'
sequence='\x1b[<35;43;'
sequence='\x1b[<35;43;1'
sequence='\x1b[<35;43;10'
sequence='\x1b[<35;43;10m'
FEED '\x1b[<35;44;10m'
character='\x1b'
sequence='\x1b['
sequence='\x1b[<'
sequence='\x1b[<3'
sequence='\x1b[<35'
sequence='\x1b[<35;'
sequence='\x1b[<35;4'
sequence='\x1b[<35;44'
sequence='\x1b[<35;44;'
sequence='\x1b[<35;44;1'
sequence='\x1b[<35;44;10'
sequence='\x1b[<35;44;10m'
FEED '\x1b[<35;45;10m'
character='\x1b'
sequence='\x1b['
sequence='\x1b[<'
sequence='\x1b[<3'
sequence='\x1b[<35'
sequence='\x1b[<35;'
sequence='\x1b[<35;4'
sequence='\x1b[<35;45'
sequence='\x1b[<35;45;'
sequence='\x1b[<35;45;1'
sequence='\x1b[<35;45;10'
sequence='\x1b[<35;45;10m'
FEED '\x1b[<35;46;10m'
character='\x1b'
sequence='\x1b['
sequence='\x1b[<'
sequence='\x1b[<3'
sequence='\x1b[<35'
sequence='\x1b[<35;'
sequence='\x1b[<35;4'
sequence='\x1b[<35;46'
sequence='\x1b[<35;46;'
sequence='\x1b[<35;46;1'
sequence='\x1b[<35;46;10'
sequence='\x1b[<35;46;10m'
FEED '\x1b[<35;47;11m'
character='\x1b'
sequence='\x1b['
sequence='\x1b[<'
sequence='\x1b[<3'
sequence='\x1b[<35'
sequence='\x1b[<35;'
sequence='\x1b[<35;4'
sequence='\x1b[<35;47'
sequence='\x1b[<35;47;'
sequence='\x1b[<35;47;1'
sequence='\x1b[<35;47;11'
sequence='\x1b[<35;47;11m'
FEED '\x1b[<35;48;11m'
character='\x1b'
sequence='\x1b['
sequence='\x1b[<'
sequence='\x1b[<3'
sequence='\x1b[<35'
sequence='\x1b[<35;'
sequence='\x1b[<35;4'
sequence='\x1b[<35;48'
sequence='\x1b[<35;48;'
sequence='\x1b[<35;48;1'
sequence='\x1b[<35;48;11'
sequence='\x1b[<35;48;11m'
FEED '\x1b[<35;49;11m'
character='\x1b'
sequence='\x1b['
sequence='\x1b[<'
sequence='\x1b[<3'
sequence='\x1b[<35'
sequence='\x1b[<35;'
sequence='\x1b[<35;4'
sequence='\x1b[<35;49'
sequence='\x1b[<35;49;'
sequence='\x1b[<35;49;1'
sequence='\x1b[<35;49;11'
sequence='\x1b[<35;49;11m'
FEED '\x1b[<35;51;11m'
character='\x1b'
sequence='\x1b['
sequence='\x1b[<'
sequence='\x1b[<3'
sequence='\x1b[<35'
sequence='\x1b[<35;'
sequence='\x1b[<35;5'
sequence='\x1b[<35;51'
sequence='\x1b[<35;51;'
sequence='\x1b[<35;51;1'
sequence='\x1b[<35;51;11'
sequence='\x1b[<35;51;11m'
FEED '\x1b[<35;52;11m'
character='\x1b'
sequence='\x1b['
sequence='\x1b[<'
sequence='\x1b[<3'
sequence='\x1b[<35'
sequence='\x1b[<35;'
sequence='\x1b[<35;5'
sequence='\x1b[<35;52'
sequence='\x1b[<35;52;'
sequence='\x1b[<35;52;1'
sequence='\x1b[<35;52;11'
sequence='\x1b[<35;52;11m'
FEED '\x1b[<35;53;11m'
character='\x1b'
sequence='\x1b['
sequence='\x1b[<'
sequence='\x1b[<3'
sequence='\x1b[<35'
sequence='\x1b[<35;'
sequence='\x1b[<35;5'
sequence='\x1b[<35;53'
sequence='\x1b[<35;53;'
sequence='\x1b[<35;53;1'
sequence='\x1b[<35;53;11'
sequence='\x1b[<35;53;11m'
FEED '\x1b[<35;54;12m'
character='\x1b'
sequence='\x1b['
sequence='\x1b[<'
sequence='\x1b[<3'
sequence='\x1b[<35'
sequence='\x1b[<35;'
sequence='\x1b[<35;5'
sequence='\x1b[<35;54'
sequence='\x1b[<35;54;'
sequence='\x1b[<35;54;1'
sequence='\x1b[<35;54;12'
sequence='\x1b[<35;54;12m'
FEED '\x1b[<35;55;12m'
character='\x1b'
sequence='\x1b['
sequence='\x1b[<'
sequence='\x1b[<3'
sequence='\x1b[<35'
sequence='\x1b[<35;'
sequence='\x1b[<35;5'
sequence='\x1b[<35;55'
sequence='\x1b[<35;55;'
sequence='\x1b[<35;55;1'
sequence='\x1b[<35;55;12'
sequence='\x1b[<35;55;12m'
FEED '\x1b[<35;56;12m'
character='\x1b'
sequence='\x1b['
sequence='\x1b[<'
sequence='\x1b[<3'
sequence='\x1b[<35'
sequence='\x1b[<35;'
sequence='\x1b[<35;5'
sequence='\x1b[<35;56'
sequence='\x1b[<35;56;'
sequence='\x1b[<35;56;1'
sequence='\x1b[<35;56;12'
sequence='\x1b[<35;56;12m'
FEED '\x1b[<35;57;12m'
character='\x1b'
sequence='\x1b['
sequence='\x1b[<'
sequence='\x1b[<3'
sequence='\x1b[<35'
sequence='\x1b[<35;'
sequence='\x1b[<35;5'
sequence='\x1b[<35;57'
sequence='\x1b[<35;57;'
sequence='\x1b[<35;57;1'
sequence='\x1b[<35;57;12'
sequence='\x1b[<35;57;12m'
FEED '\x1b[<35;58;12m'
character='\x1b'
sequence='\x1b['
sequence='\x1b[<'
sequence='\x1b[<3'
sequence='\x1b[<35'
sequence='\x1b[<35;'
sequence='\x1b[<35;5'
sequence='\x1b[<35;58'
sequence='\x1b[<35;58;'
sequence='\x1b[<35;58;1'
sequence='\x1b[<35;58;12'
sequence='\x1b[<35;58;12m'
FEED '\x1b[<35;59;12m'
character='\x1b'
sequence='\x1b['
sequence='\x1b[<'
sequence='\x1b[<3'
sequence='\x1b[<35'
sequence='\x1b[<35;'
sequence='\x1b[<35;5'
sequence='\x1b[<35;59'
sequence='\x1b[<35;59;'
sequence='\x1b[<35;59;1'
sequence='\x1b[<35;59;12'
sequence='\x1b[<35;59;12m'
FEED '\x1b[<35;60;12m'
character='\x1b'
sequence='\x1b['
sequence='\x1b[<'
sequence='\x1b[<3'
sequence='\x1b[<35'
sequence='\x1b[<35;'
sequence='\x1b[<35;6'
sequence='\x1b[<35;60'
sequence='\x1b[<35;60;'
sequence='\x1b[<35;60;1'
sequence='\x1b[<35;60;12'
sequence='\x1b[<35;60;12m'
FEED '\x1b[<35;61;12m'
character='\x1b'
sequence='\x1b['
sequence='\x1b[<'
sequence='\x1b[<3'
sequence='\x1b[<35'
sequence='\x1b[<35;'
sequence='\x1b[<35;6'
sequence='\x1b[<35;61'
sequence='\x1b[<35;61;'
sequence='\x1b[<35;61;1'
sequence='\x1b[<35;61;12'
sequence='\x1b[<35;61;12m'
FEED '\x1b[<35;62;12m'
character='\x1b'
sequence='\x1b['
sequence='\x1b[<'
sequence='\x1b[<3'
sequence='\x1b[<35'
sequence='\x1b[<35;'
sequence='\x1b[<35;6'
sequence='\x1b[<35;62'
sequence='\x1b[<35;62;'
sequence='\x1b[<35;62;1'
sequence='\x1b[<35;62;12'
sequence='\x1b[<35;62;12m'
FEED '\x1b[<35;63;12m'
character='\x1b'
sequence='\x1b['
sequence='\x1b[<'
sequence='\x1b[<3'
sequence='\x1b[<35'
sequence='\x1b[<35;'
sequence='\x1b[<35;6'
sequence='\x1b[<35;63'
sequence='\x1b[<35;63;'
sequence='\x1b[<35;63;1'
sequence='\x1b[<35;63;12'
sequence='\x1b[<35;63;12m'
FEED '\x1b[<35;64;12m'
character='\x1b'
sequence='\x1b['
sequence='\x1b[<'
sequence='\x1b[<3'
sequence='\x1b[<35'
sequence='\x1b[<35;'
sequence='\x1b[<35;6'
sequence='\x1b[<35;64'
sequence='\x1b[<35;64;'
sequence='\x1b[<35;64;1'
sequence='\x1b[<35;64;12'
sequence='\x1b[<35;64;12m'
FEED '\x1b[<35;65;12m'
character='\x1b'
sequence='\x1b['
sequence='\x1b[<'
sequence='\x1b[<3'
sequence='\x1b[<35'
sequence='\x1b[<35;'
sequence='\x1b[<35;6'
sequence='\x1b[<35;65'
sequence='\x1b[<35;65;'
sequence='\x1b[<35;65;1'
sequence='\x1b[<35;65;12'
sequence='\x1b[<35;65;12m'
FEED '\x1b[<35;66;12m'
character='\x1b'
sequence='\x1b['
sequence='\x1b[<'
sequence='\x1b[<3'
sequence='\x1b[<35'
sequence='\x1b[<35;'
sequence='\x1b[<35;6'
sequence='\x1b[<35;66'
sequence='\x1b[<35;66;'
sequence='\x1b[<35;66;1'
sequence='\x1b[<35;66;12'
sequence='\x1b[<35;66;12m'
FEED '\x1b[<35;67;11m'
character='\x1b'
sequence='\x1b['
sequence='\x1b[<'
sequence='\x1b[<3'
sequence='\x1b[<35'
sequence='\x1b[<35;'
sequence='\x1b[<35;6'
sequence='\x1b[<35;67'
sequence='\x1b[<35;67;'
sequence='\x1b[<35;67;1'
sequence='\x1b[<35;67;11'
sequence='\x1b[<35;67;11m'
FEED '\x1b[<35;68;11m'
character='\x1b'
sequence='\x1b['
sequence='\x1b[<'
sequence='\x1b[<3'
sequence='\x1b[<35'
sequence='\x1b[<35;'
sequence='\x1b[<35;6'
sequence='\x1b[<35;68'
sequence='\x1b[<35;68;'
sequence='\x1b[<35;68;1'
sequence='\x1b[<35;68;11'
sequence='\x1b[<35;68;11m'
FEED '\x1b[<35;69;11m'
character='\x1b'
sequence='\x1b['
sequence='\x1b[<'
sequence='\x1b[<3'
sequence='\x1b[<35'
sequence='\x1b[<35;'
sequence='\x1b[<35;6'
sequence='\x1b[<35;69'
sequence='\x1b[<35;69;'
sequence='\x1b[<35;69;1'
sequence='\x1b[<35;69;11'
sequence='\x1b[<35;69;11m'
FEED '\x1b[<35;70;11m'
character='\x1b'
sequence='\x1b['
sequence='\x1b[<'
sequence='\x1b[<3'
sequence='\x1b[<35'
sequence='\x1b[<35;'
sequence='\x1b[<35;7'
sequence='\x1b[<35;70'
sequence='\x1b[<35;70;'
sequence='\x1b[<35;70;1'
sequence='\x1b[<35;70;11'
sequence='\x1b[<35;70;11m'
FEED '\x1b[<35;71;11m'
character='\x1b'
sequence='\x1b['
sequence='\x1b[<'
sequence='\x1b[<3'
sequence='\x1b[<35'
sequence='\x1b[<35;'
sequence='\x1b[<35;7'
sequence='\x1b[<35;71'
sequence='\x1b[<35;71;'
sequence='\x1b[<35;71;1'
sequence='\x1b[<35;71;11'
sequence='\x1b[<35;71;11m'
FEED '\x1b[<35;72;10m'
character='\x1b'
sequence='\x1b['
sequence='\x1b[<'
sequence='\x1b[<3'
sequence='\x1b[<35'
sequence='\x1b[<35;'
sequence='\x1b[<35;7'
sequence='\x1b[<35;72'
sequence='\x1b[<35;72;'
sequence='\x1b[<35;72;1'
sequence='\x1b[<35;72;10'
sequence='\x1b[<35;72;10m'
FEED '\x1b[<35;73;10m'
character='\x1b'
sequence='\x1b['
sequence='\x1b[<'
sequence='\x1b[<3'
sequence='\x1b[<35'
sequence='\x1b[<35;'
sequence='\x1b[<35;7'
sequence='\x1b[<35;73'
sequence='\x1b[<35;73;'
sequence='\x1b[<35;73;1'
sequence='\x1b[<35;73;10'
sequence='\x1b[<35;73;10m'
FEED '\x1b[<35;73;9m'
character='\x1b'
sequence='\x1b['
sequence='\x1b[<'
sequence='\x1b[<3'
sequence='\x1b[<35'
sequence='\x1b[<35;'
sequence='\x1b[<35;7'
sequence='\x1b[<35;73'
sequence='\x1b[<35;73;'
sequence='\x1b[<35;73;9'
sequence='\x1b[<35;73;9m'
FEED '\x1b[<35;74;9m'
character='\x1b'
sequence='\x1b['
sequence='\x1b[<'
sequence='\x1b[<3'
sequence='\x1b[<35'
sequence='\x1b[<35;'
sequence='\x1b[<35;7'
sequence='\x1b[<35;74'
sequence='\x1b[<35;74;'
sequence='\x1b[<35;74;9'
sequence='\x1b[<35;74;9m'
FEED '\x1b[<35;75;9m'
character='\x1b'
sequence='\x1b['
sequence='\x1b[<'
sequence='\x1b[<3'
sequence='\x1b[<35'
sequence='\x1b[<35;'
sequence='\x1b[<35;7'
sequence='\x1b[<35;75'
sequence='\x1b[<35;75;'
sequence='\x1b[<35;75;9'
sequence='\x1b[<35;75;9m'
FEED '\x1b[<35;75;8m'
character='\x1b'
sequence='\x1b['
sequence='\x1b[<'
sequence='\x1b[<3'
sequence='\x1b[<35'
sequence='\x1b[<35;'
sequence='\x1b[<35;7'
sequence='\x1b[<35;75'
sequence='\x1b[<35;75;'
sequence='\x1b[<35;75;8'
sequence='\x1b[<35;75;8m'
FEED '\x1b[<35;76;8m'
character='\x1b'
sequence='\x1b['
sequence='\x1b[<'
sequence='\x1b[<3'
sequence='\x1b[<35'
sequence='\x1b[<35;'
sequence='\x1b[<35;7'
sequence='\x1b[<35;76'
sequence='\x1b[<35;76;'
sequence='\x1b[<35;76;8'
sequence='\x1b[<35;76;8m'
FEED '\x1b[<35;77;7m'
character='\x1b'
sequence='\x1b['
sequence='\x1b[<'
sequence='\x1b[<3'
sequence='\x1b[<35'
sequence='\x1b[<35;'
sequence='\x1b[<35;7'
sequence='\x1b[<35;77'
sequence='\x1b[<35;77;'
sequence='\x1b[<35;77;7'
sequence='\x1b[<35;77;7m'
FEED '\x1b[<35;78;7m'
character='\x1b'
sequence='\x1b['
sequence='\x1b[<'
sequence='\x1b[<3'
sequence='\x1b[<35'
sequence='\x1b[<35;'
sequence='\x1b[<35;7'
sequence='\x1b[<35;78'
sequence='\x1b[<35;78;'
sequence='\x1b[<35;78;7'
sequence='\x1b[<35;78;7m'
FEED '\x1b[<35;79;7m'
character='\x1b'
sequence='\x1b['
sequence='\x1b[<'
sequence='\x1b[<3'
sequence='\x1b[<35'
sequence='\x1b[<35;'
sequence='\x1b[<35;7'
sequence='\x1b[<35;79'
sequence='\x1b[<35;79;'
sequence='\x1b[<35;79;7'
sequence='\x1b[<35;79;7m'
FEED '\x1b[<35;79;6m'
character='\x1b'
sequence='\x1b['
sequence='\x1b[<'
sequence='\x1b[<3'
sequence='\x1b[<35'
sequence='\x1b[<35;'
sequence='\x1b[<35;7'
sequence='\x1b[<35;79'
sequence='\x1b[<35;79;'
sequence='\x1b[<35;79;6'
sequence='\x1b[<35;79;6m'
FEED '\x1b[<35;80;6m'
character='\x1b'
sequence='\x1b['
sequence='\x1b[<'
sequence='\x1b[<3'
sequence='\x1b[<35'
sequence='\x1b[<35;'
sequence='\x1b[<35;8'
sequence='\x1b[<35;80'
sequence='\x1b[<35;80;'
sequence='\x1b[<35;80;6'
sequence='\x1b[<35;80;6m'
FEED '\x1b[<35;79;6m'
character='\x1b'
sequence='\x1b['
sequence='\x1b[<'
sequence='\x1b[<3'
sequence='\x1b[<35'
sequence='\x1b[<35;'
sequence='\x1b[<35;7'
sequence='\x1b[<35;79'
sequence='\x1b[<35;79;'
sequence='\x1b[<35;79;6'
sequence='\x1b[<35;79;6m'
FEED '\x1b[<35;79;7m'
character='\x1b'
sequence='\x1b['
sequence='\x1b[<'
sequence='\x1b[<3'
sequence='\x1b[<35'
sequence='\x1b[<35;'
sequence='\x1b[<35;7'
sequence='\x1b[<35;79'
sequence='\x1b[<35;79;'
sequence='\x1b[<35;79;7'
sequence='\x1b[<35;79;7m'
FEED '\x1b[<35;79;8m'
character='\x1b'
sequence='\x1b['
sequence='\x1b[<'
sequence='\x1b[<3'
sequence='\x1b[<35'
sequence='\x1b[<35;'
sequence='\x1b[<35;7'
sequence='\x1b[<35;79'
sequence='\x1b[<35;79;'
sequence='\x1b[<35;79;8'
sequence='\x1b[<35;79;8m'
FEED '\x1b[<0;79;8M'
character='\x1b'
sequence='\x1b['
sequence='\x1b[<'
sequence='\x1b[<0'
sequence='\x1b[<0;'
sequence='\x1b[<0;7'
sequence='\x1b[<0;79'
sequence='\x1b[<0;79;'
sequence='\x1b[<0;79;8'
sequence='\x1b[<0;79;8M'
FEED '\x1b[<0;79;8m'
character='\x1b'
sequence='\x1b['
sequence='\x1b[<'
sequence='\x1b[<0'
sequence='\x1b[<0;'
sequence='\x1b[<0;7'
sequence='\x1b[<0;79'
sequence='\x1b[<0;79;'
sequence='\x1b[<0;79;8'
sequence='\x1b[<0;79;8m'
FEED '\x1b[<35;79;8m'
character='\x1b'
sequence='\x1b['
sequence='\x1b[<'
sequence='\x1b[<3'
sequence='\x1b[<35'
sequence='\x1b[<35;'
sequence='\x1b[<35;7'
sequence='\x1b[<35;79'
sequence='\x1b[<35;79;'
sequence='\x1b[<35;79;8'
sequence='\x1b[<35;79;8m'
FEED '\x1b[<35;80;8m'
character='\x1b'
sequence='\x1b['
sequence='\x1b[<'
sequence='\x1b[<3'
sequence='\x1b[<35'
sequence='\x1b[<35;'
sequence='\x1b[<35;8'
sequence='\x1b[<35;80'
sequence='\x1b[<35;80;'
sequence='\x1b[<35;80;8'
sequence='\x1b[<35;80;8m'
FEED '\x1b[<35;81;9m'
character='\x1b'
sequence='\x1b['
sequence='\x1b[<'
sequence='\x1b[<3'
sequence='\x1b[<35'
sequence='\x1b[<35;'
sequence='\x1b[<35;8'
sequence='\x1b[<35;81'
sequence='\x1b[<35;81;'
sequence='\x1b[<35;81;9'
sequence='\x1b[<35;81;9m'
FEED '\x1b[<35;82;9m'
character='\x1b'
sequence='\x1b['
sequence='\x1b[<'
sequence='\x1b[<3'
sequence='\x1b[<35'
sequence='\x1b[<35;'
sequence='\x1b[<35;8'
sequence='\x1b[<35;82'
sequence='\x1b[<35;82;'
sequence='\x1b[<35;82;9'
sequence='\x1b[<35;82;9m'
FEED '\x1b[<35;83;9m'
character='\x1b'
sequence='\x1b['
sequence='\x1b[<'
sequence='\x1b[<3'
sequence='\x1b[<35'
sequence='\x1b[<35;'
sequence='\x1b[<35;8'
sequence='\x1b[<35;83'
sequence='\x1b[<35;83;'
sequence='\x1b[<35;83;9'
sequence='\x1b[<35;83;9m'
FEED '\x1b[<35;84;10m'
character='\x1b'
sequence='\x1b['
sequence='\x1b[<'
sequence='\x1b[<3'
sequence='\x1b[<35'
sequence='\x1b[<35;'
sequence='\x1b[<35;8'
sequence='\x1b[<35;84'
sequence='\x1b[<35;84;'
sequence='\x1b[<35;84;1'
sequence='\x1b[<35;84;10'
sequence='\x1b[<35;84;10m'
FEED '\x1b[<35;86;10m'
character='\x1b'
sequence='\x1b['
sequence='\x1b[<'
sequence='\x1b[<3'
sequence='\x1b[<35'
sequence='\x1b[<35;'
sequence='\x1b[<35;8'
sequence='\x1b[<35;86'
sequence='\x1b[<35;86;'
sequence='\x1b[<35;86;1'
sequence='\x1b[<35;86;10'
sequence='\x1b[<35;86;10m'
FEED '\x1b[<35;87;11m'
character='\x1b'
sequence='\x1b['
sequence='\x1b[<'
sequence='\x1b[<3'
sequence='\x1b[<35'
sequence='\x1b[<35;'
sequence='\x1b[<35;8'
sequence='\x1b[<35;87'
sequence='\x1b[<35;87;'
sequence='\x1b[<35;87;1'
sequence='\x1b[<35;87;11'
sequence='\x1b[<35;87;11m'
FEED '\x1b[<35;90;12m'
character='\x1b'
sequence='\x1b['
sequence='\x1b[<'
sequence='\x1b[<3'
sequence='\x1b[<35'
sequence='\x1b[<35;'
sequence='\x1b[<35;9'
sequence='\x1b[<35;90'
sequence='\x1b[<35;90;'
sequence='\x1b[<35;90;1'
sequence='\x1b[<35;90;12'
sequence='\x1b[<35;90;12m'
FEED '\x1b[<35;92;13m'
character='\x1b'
sequence='\x1b['
sequence='\x1b[<'
sequence='\x1b[<3'
sequence='\x1b[<35'
sequence='\x1b[<35;'
sequence='\x1b[<35;9'
sequence='\x1b[<35;92'
sequence='\x1b[<35;92;'
sequence='\x1b[<35;92;1'
sequence='\x1b[<35;92;13'
sequence='\x1b[<35;92;13m'
FEED '\x1b[<35;95;14m'
character='\x1b'
sequence='\x1b['
sequence='\x1b[<'
sequence='\x1b[<3'
sequence='\x1b[<35'
sequence='\x1b[<35;'
sequence='\x1b[<35;9'
sequence='\x1b[<35;95'
sequence='\x1b[<35;95;'
sequence='\x1b[<35;95;1'
sequence='\x1b[<35;95;14'
sequence='\x1b[<35;95;14m'
FEED '\x1b[<35;97;15m'
character='\x1b'
sequence='\x1b['
sequence='\x1b[<'
sequence='\x1b[<3'
sequence='\x1b[<35'
sequence='\x1b[<35;'
sequence='\x1b[<35;9'
sequence='\x1b[<35;97'
sequence='\x1b[<35;97;'
sequence='\x1b[<35;97;1'
sequence='\x1b[<35;97;15'
sequence='\x1b[<35;97;15m'
FEED '\x1b[<35;100;17m'
character='\x1b'
sequence='\x1b['
sequence='\x1b[<'
sequence='\x1b[<3'
sequence='\x1b[<35'
sequence='\x1b[<35;'
sequence='\x1b[<35;1'
sequence='\x1b[<35;10'
sequence='\x1b[<35;100'
sequence='\x1b[<35;100;'
sequence='\x1b[<35;100;1'
sequence='\x1b[<35;100;17'
sequence='\x1b[<35;100;17m'
FEED '\x1b[<35;103;19m'
character='\x1b'
sequence='\x1b['
sequence='\x1b[<'
sequence='\x1b[<3'
sequence='\x1b[<35'
sequence='\x1b[<35;'
sequence='\x1b[<35;1'
sequence='\x1b[<35;10'
sequence='\x1b[<35;103'
sequence='\x1b[<35;103;'
sequence='\x1b[<35;103;1'
sequence='\x1b[<35;103;19'
sequence='\x1b[<35;103;19m'
FEED '\x1b[<35;105;20m'
character='\x1b'
sequence='\x1b['
sequence='\x1b[<'
sequence='\x1b[<3'
sequence='\x1b[<35'
sequence='\x1b[<35;'
sequence='\x1b[<35;1'
sequence='\x1b[<35;10'
sequence='\x1b[<35;105'
sequence='\x1b[<35;105;'
sequence='\x1b[<35;105;2'
sequence='\x1b[<35;105;20'
sequence='\x1b[<35;105;20m'
FEED '\x1b[<35;108;21m'
character='\x1b'
sequence='\x1b['
sequence='\x1b[<'
sequence='\x1b[<3'
sequence='\x1b[<35'
sequence='\x1b[<35;'
sequence='\x1b[<35;1'
sequence='\x1b[<35;10'
sequence='\x1b[<35;108'
sequence='\x1b[<35;108;'
sequence='\x1b[<35;108;2'
sequence='\x1b[<35;108;21'
sequence='\x1b[<35;108;21m'
FEED '\x1b[<35;109;23m'
character='\x1b'
sequence='\x1b['
sequence='\x1b[<'
sequence='\x1b[<3'
sequence='\x1b[<35'
sequence='\x1b[<35;'
sequence='\x1b[<35;1'
sequence='\x1b[<35;10'
sequence='\x1b[<35;109'
sequence='\x1b[<35;109;'
sequence='\x1b[<35;109;2'
sequence='\x1b[<35;109;23'
sequence='\x1b[<35;109;23m'
FEED '\x1b[<35;110;23m'
character='\x1b'
sequence='\x1b['
sequence='\x1b[<'
sequence='\x1b[<3'
sequence='\x1b[<35'
sequence='\x1b[<35;'
sequence='\x1b[<35;1'
sequence='\x1b[<35;11'
sequence='\x1b[<35;110'
sequence='\x1b[<35;110;'
sequence='\x1b[<35;110;2'
sequence='\x1b[<35;110;23'
sequence='\x1b[<35;110;23m'
FEED '\x1b[<35;111;24m'
character='\x1b'
sequence='\x1b['
sequence='\x1b[<'
sequence='\x1b[<3'
sequence='\x1b[<35'
sequence='\x1b[<35;'
sequence='\x1b[<35;1'
sequence='\x1b[<35;11'
sequence='\x1b[<35;111'
sequence='\x1b[<35;111;'
sequence='\x1b[<35;111;2'
sequence='\x1b[<35;111;24'
sequence='\x1b[<35;111;24m'
FEED '\x1b[<35;112;24m'
character='\x1b'
sequence='\x1b['
sequence='\x1b[<'
sequence='\x1b[<3'
sequence='\x1b[<35'
sequence='\x1b[<35;'
sequence='\x1b[<35;1'
sequence='\x1b[<35;11'
sequence='\x1b[<35;112'
sequence='\x1b[<35;112;'
sequence='\x1b[<35;112;2'
sequence='\x1b[<35;112;24'
sequence='\x1b[<35;112;24m'
FEED '\x1b[<35;112;25m'
character='\x1b'
sequence='\x1b['
sequence='\x1b[<'
sequence='\x1b[<3'
sequence='\x1b[<35'
sequence='\x1b[<35;'
sequence='\x1b[<35;1'
sequence='\x1b[<35;11'
sequence='\x1b[<35;112'
sequence='\x1b[<35;112;'
sequence='\x1b[<35;112;2'
sequence='\x1b[<35;112;25'
sequence='\x1b[<35;112;25m'
FEED '\x1b[<35;113;26m'
character='\x1b'
sequence='\x1b['
sequence='\x1b[<'
sequence='\x1b[<3'
sequence='\x1b[<35'
sequence='\x1b[<35;'
sequence='\x1b[<35;1'
sequence='\x1b[<35;11'
sequence='\x1b[<35;113'
sequence='\x1b[<35;113;'
sequence='\x1b[<35;113;2'
sequence='\x1b[<35;113;26'
sequence='\x1b[<35;113;26m'
FEED '\x1b[<35;114;26m'
character='\x1b'
sequence='\x1b['
sequence='\x1b[<'
sequence='\x1b[<3'
sequence='\x1b[<35'
sequence='\x1b[<35;'
sequence='\x1b[<35;1'
sequence='\x1b[<35;11'
sequence='\x1b[<35;114'
sequence='\x1b[<35;114;'
sequence='\x1b[<35;114;2'
sequence='\x1b[<35;114;26'
sequence='\x1b[<35;114;26m'
FEED '\x1b[<35;114;27m'
character='\x1b'
sequence='\x1b['
sequence='\x1b[<'
sequence='\x1b[<3'
sequence='\x1b[<35'
sequence='\x1b[<35;'
sequence='\x1b[<35;1'
sequence='\x1b[<35;11'
sequence='\x1b[<35;114'
sequence='\x1b[<35;114;'
sequence='\x1b[<35;114;2'
sequence='\x1b[<35;114;27'
sequence='\x1b[<35;114;27m'
FEED '\x1b[<35;114;28m'
character='\x1b'
sequence='\x1b['
sequence='\x1b[<'
sequence='\x1b[<3'
sequence='\x1b[<35'
sequence='\x1b[<35;'
sequence='\x1b[<35;1'
sequence='\x1b[<35;11'
sequence='\x1b[<35;114'
sequence='\x1b[<35;114;'
sequence='\x1b[<35;114;2'
sequence='\x1b[<35;114;28'
sequence='\x1b[<35;114;28m'
FEED '\x1b[<35;113;28m'
character='\x1b'
sequence='\x1b['
sequence='\x1b[<'
sequence='\x1b[<3'
sequence='\x1b[<35'
sequence='\x1b[<35;'
sequence='\x1b[<35;1'
sequence='\x1b[<35;11'
sequence='\x1b[<35;113'
sequence='\x1b[<35;113;'
sequence='\x1b[<35;113;2'
sequence='\x1b[<35;113;28'
sequence='\x1b[<35;113;28m'
FEED '\x1b[<35;113;29m'
character='\x1b'
sequence='\x1b['
sequence='\x1b[<'
sequence='\x1b[<3'
sequence='\x1b[<35'
sequence='\x1b[<35;'
sequence='\x1b[<35;1'
sequence='\x1b[<35;11'
sequence='\x1b[<35;113'
sequence='\x1b[<35;113;'
sequence='\x1b[<35;113;2'
sequence='\x1b[<35;113;29'
sequence='\x1b[<35;113;29m'
FEED '\x1b[<35;112;30m'
character='\x1b'
sequence='\x1b['
sequence='\x1b[<'
sequence='\x1b[<3'
sequence='\x1b[<35'
sequence='\x1b[<35;'
sequence='\x1b[<35;1'
sequence='\x1b[<35;11'
sequence='\x1b[<35;112'
sequence='\x1b[<35;112;'
sequence='\x1b[<35;112;3'
sequence='\x1b[<35;112;30'
sequence='\x1b[<35;112;30m'
FEED '\x1b[<35;111;30m'
character='\x1b'
sequence='\x1b['
sequence='\x1b[<'
sequence='\x1b[<3'
sequence='\x1b[<35'
sequence='\x1b[<35;'
sequence='\x1b[<35;1'
sequence='\x1b[<35;11'
sequence='\x1b[<35;111'
sequence='\x1b[<35;111;'
sequence='\x1b[<35;111;3'
sequence='\x1b[<35;111;30'
sequence='\x1b[<35;111;30m'
FEED '\x1b[<35;110;30m'
character='\x1b'
sequence='\x1b['
sequence='\x1b[<'
sequence='\x1b[<3'
sequence='\x1b[<35'
sequence='\x1b[<35;'
sequence='\x1b[<35;1'
sequence='\x1b[<35;11'
sequence='\x1b[<35;110'
sequence='\x1b[<35;110;'
sequence='\x1b[<35;110;3'
sequence='\x1b[<35;110;30'
sequence='\x1b[<35;110;30m'
FEED '\x1b[<35;110;29m'
character='\x1b'
sequence='\x1b['
sequence='\x1b[<'
sequence='\x1b[<3'
sequence='\x1b[<35'
sequence='\x1b[<35;'
sequence='\x1b[<35;1'
sequence='\x1b[<35;11'
sequence='\x1b[<35;110'
sequence='\x1b[<35;110;'
sequence='\x1b[<35;110;2'
sequence='\x1b[<35;110;29'
sequence='\x1b[<35;110;29m'
FEED '\x1b[<35;110;28m'
character='\x1b'
sequence='\x1b['
sequence='\x1b[<'
sequence='\x1b[<3'
sequence='\x1b[<35'
sequence='\x1b[<35;'
sequence='\x1b[<35;1'
sequence='\x1b[<35;11'
sequence='\x1b[<35;110'
sequence='\x1b[<35;110;'
sequence='\x1b[<35;110;2'
sequence='\x1b[<35;110;28'
sequence='\x1b[<35;110;28m'
FEED '\x1b[<35;111;28m'
character='\x1b'
sequence='\x1b['
sequence='\x1b[<'
sequence='\x1b[<3'
sequence='\x1b[<35'
sequence='\x1b[<35;'
sequence='\x1b[<35;1'
sequence='\x1b[<35;11'
sequence='\x1b[<35;111'
sequence='\x1b[<35;111;'
sequence='\x1b[<35;111;2'
sequence='\x1b[<35;111;28'
sequence='\x1b[<35;111;28m'
FEED '\x1b[<0;111;28M'
character='\x1b'
sequence='\x1b['
sequence='\x1b[<'
sequence='\x1b[<0'
sequence='\x1b[<0;'
sequence='\x1b[<0;1'
sequence='\x1b[<0;11'
sequence='\x1b[<0;111'
sequence='\x1b[<0;111;'
sequence='\x1b[<0;111;2'
sequence='\x1b[<0;111;28'
sequence='\x1b[<0;111;28M'
FEED '\x1b[<32;111;28M'
character='\x1b'
sequence='\x1b['
sequence='\x1b[<'
sequence='\x1b[<3'
sequence='\x1b[<32'
sequence='\x1b[<32;'
sequence='\x1b[<32;1'
sequence='\x1b[<32;11'
sequence='\x1b[<32;111'
sequence='\x1b[<32;111;'
sequence='\x1b[<32;111;2'
sequence='\x1b[<32;111;28'
sequence='\x1b[<32;111;28M'
FEED '\x1b[<0;111;28m'
character='\x1b'
sequence='\x1b['
sequence='\x1b[<'
sequence='\x1b[<0'
sequence='\x1b[<0;'
sequence='\x1b[<0;1'
sequence='\x1b[<0;11'
sequence='\x1b[<0;111'
sequence='\x1b[<0;111;'
sequence='\x1b[<0;111;2'
sequence='\x1b[<0;111;28'
sequence='\x1b[<0;111;28m'
FEED '\x1b[<35;111;28m'
character='\x1b'
sequence='\x1b['
sequence='\x1b[<'
sequence='\x1b[<3'
sequence='\x1b[<35'
sequence='\x1b[<35;'
sequence='\x1b[<35;1'
sequence='\x1b[<35;11'
sequence='\x1b[<35;111'
sequence='\x1b[<35;111;'
sequence='\x1b[<35;111;2'
sequence='\x1b[<35;111;28'
sequence='\x1b[<35;111;28m'
FEED '\x1b[<35;110;28m'
character='\x1b'
sequence='\x1b['
sequence='\x1b[<'
sequence='\x1b[<3'
sequence='\x1b[<35'
sequence='\x1b[<35;'
sequence='\x1b[<35;1'
sequence='\x1b[<35;11'
sequence='\x1b[<35;110'
sequence='\x1b[<35;110;'
sequence='\x1b[<35;110;2'
sequence='\x1b[<35;110;28'
sequence='\x1b[<35;110;28m'
FEED '\x1b[<35;109;28m'
character='\x1b'
sequence='\x1b['
sequence='\x1b[<'
sequence='\x1b[<3'
sequence='\x1b[<35'
sequence='\x1b[<35;'
sequence='\x1b[<35;1'
sequence='\x1b[<35;10'
sequence='\x1b[<35;109'
sequence='\x1b[<35;109;'
sequence='\x1b[<35;109;2'
sequence='\x1b[<35;109;28'
sequence='\x1b[<35;109;28m'
FEED '\x1b[<35;108;29m'
character='\x1b'
sequence='\x1b['
sequence='\x1b[<'
sequence='\x1b[<3'
sequence='\x1b[<35'
sequence='\x1b[<35;'
sequence='\x1b[<35;1'
sequence='\x1b[<35;10'
sequence='\x1b[<35;108'
sequence='\x1b[<35;108;'
sequence='\x1b[<35;108;2'
sequence='\x1b[<35;108;29'
sequence='\x1b[<35;108;29m'
FEED '\x1b[<35;107;29m'
character='\x1b'
sequence='\x1b['
sequence='\x1b[<'
sequence='\x1b[<3'
sequence='\x1b[<35'
sequence='\x1b[<35;'
sequence='\x1b[<35;1'
sequence='\x1b[<35;10'
sequence='\x1b[<35;107'
sequence='\x1b[<35;107;'
sequence='\x1b[<35;107;2'
sequence='\x1b[<35;107;29'
sequence='\x1b[<35;107;29m'
FEED '\x1b[<35;106;29m'
character='\x1b'
sequence='\x1b['
sequence='\x1b[<'
sequence='\x1b[<3'
sequence='\x1b[<35'
sequence='\x1b[<35;'
sequence='\x1b[<35;1'
sequence='\x1b[<35;10'
sequence='\x1b[<35;106'
sequence='\x1b[<35;106;'
sequence='\x1b[<35;106;2'
sequence='\x1b[<35;106;29'
sequence='\x1b[<35;106;29m'
FEED '\x1b[<35;105;29m'
character='\x1b'
sequence='\x1b['
sequence='\x1b[<'
sequence='\x1b[<3'
sequence='\x1b[<35'
sequence='\x1b[<35;'
sequence='\x1b[<35;1'
sequence='\x1b[<35;10'
sequence='\x1b[<35;105'
sequence='\x1b[<35;105;'
sequence='\x1b[<35;105;2'
sequence='\x1b[<35;105;29'
sequence='\x1b[<35;105;29m'
FEED '\x1b[<35;104;30m'
character='\x1b'
sequence='\x1b['
sequence='\x1b[<'
sequence='\x1b[<3'
sequence='\x1b[<35'
sequence='\x1b[<35;'
sequence='\x1b[<35;1'
sequence='\x1b[<35;10'
sequence='\x1b[<35;104'
sequence='\x1b[<35;104;'
sequence='\x1b[<35;104;3'
sequence='\x1b[<35;104;30'
sequence='\x1b[<35;104;30m'
FEED '\x1b[<35;103;30m'
character='\x1b'
sequence='\x1b['
sequence='\x1b[<'
sequence='\x1b[<3'
sequence='\x1b[<35'
sequence='\x1b[<35;'
sequence='\x1b[<35;1'
sequence='\x1b[<35;10'
sequence='\x1b[<35;103'
sequence='\x1b[<35;103;'
sequence='\x1b[<35;103;3'
sequence='\x1b[<35;103;30'
sequence='\x1b[<35;103;30m'
FEED '\x1b[<35;102;30m'
character='\x1b'
sequence='\x1b['
sequence='\x1b[<'
sequence='\x1b[<3'
sequence='\x1b[<35'
sequence='\x1b[<35;'
sequence='\x1b[<35;1'
sequence='\x1b[<35;10'
sequence='\x1b[<35;102'
sequence='\x1b[<35;102;'
sequence='\x1b[<35;102;3'
sequence='\x1b[<35;102;30'
sequence='\x1b[<35;102;30m'
FEED '\x1b[<35;101;30m'
character='\x1b'
sequence='\x1b['
sequence='\x1b[<'
sequence='\x1b[<3'
sequence='\x1b[<35'
sequence='\x1b[<35;'
sequence='\x1b[<35;1'
sequence='\x1b[<35;10'
sequence='\x1b[<35;101'
sequence='\x1b[<35;101;'
sequence='\x1b[<35;101;3'
sequence='\x1b[<35;101;30'
sequence='\x1b[<35;101;30m'
FEED '\x1b[<35;100;30m'
character='\x1b'
sequence='\x1b['
sequence='\x1b[<'
sequence='\x1b[<3'
sequence='\x1b[<35'
sequence='\x1b[<35;'
sequence='\x1b[<35;1'
sequence='\x1b[<35;10'
sequence='\x1b[<35;100'
sequence='\x1b[<35;100;'
sequence='\x1b[<35;100;3'
sequence='\x1b[<35;100;30'
sequence='\x1b[<35;100;30m'
FEED '\x1b[<35;99;30m'
character='\x1b'
sequence='\x1b['
sequence='\x1b[<'
sequence='\x1b[<3'
sequence='\x1b[<35'
sequence='\x1b[<35;'
sequence='\x1b[<35;9'
sequence='\x1b[<35;99'
sequence='\x1b[<35;99;'
sequence='\x1b[<35;99;3'
sequence='\x1b[<35;99;30'
sequence='\x1b[<35;99;30m'
FEED '\x1b[<35;98;30m'
character='\x1b'
sequence='\x1b['
sequence='\x1b[<'
sequence='\x1b[<3'
sequence='\x1b[<35'
sequence='\x1b[<35;'
sequence='\x1b[<35;9'
sequence='\x1b[<35;98'
sequence='\x1b[<35;98;'
sequence='\x1b[<35;98;3'
sequence='\x1b[<35;98;30'
sequence='\x1b[<35;98;30m'
FEED '\x1b[<35;98;29m'
character='\x1b'
sequence='\x1b['
sequence='\x1b[<'
sequence='\x1b[<3'
sequence='\x1b[<35'
sequence='\x1b[<35;'
sequence='\x1b[<35;9'
sequence='\x1b[<35;98'
sequence='\x1b[<35;98;'
sequence='\x1b[<35;98;2'
sequence='\x1b[<35;98;29'
sequence='\x1b[<35;98;29m'
FEED '\x1b[<35;97;29m'
character='\x1b'
sequence='\x1b['
sequence='\x1b[<'
sequence='\x1b[<3'
sequence='\x1b[<35'
sequence='\x1b[<35;'
sequence='\x1b[<35;9'
sequence='\x1b[<35;97'
sequence='\x1b[<35;97;'
sequence='\x1b[<35;97;2'
sequence='\x1b[<35;97;29'
sequence='\x1b[<35;97;29m'
FEED '\x1b[<35;96;29m'
character='\x1b'
sequence='\x1b['
sequence='\x1b[<'
sequence='\x1b[<3'
sequence='\x1b[<35'
sequence='\x1b[<35;'
sequence='\x1b[<35;9'
sequence='\x1b[<35;96'
sequence='\x1b[<35;96;'
sequence='\x1b[<35;96;2'
sequence='\x1b[<35;96;29'
sequence='\x1b[<35;96;29m'
FEED '\x1b[<35;96;28m'
character='\x1b'
sequence='\x1b['
sequence='\x1b[<'
sequence='\x1b[<3'
sequence='\x1b[<35'
sequence='\x1b[<35;'
sequence='\x1b[<35;9'
sequence='\x1b[<35;96'
sequence='\x1b[<35;96;'
sequence='\x1b[<35;96;2'
sequence='\x1b[<35;96;28'
sequence='\x1b[<35;96;28m'
FEED '\x1b[<0;96;28M'
character='\x1b'
sequence='\x1b['
sequence='\x1b[<'
sequence='\x1b[<0'
sequence='\x1b[<0;'
sequence='\x1b[<0;9'
sequence='\x1b[<0;96'
sequence='\x1b[<0;96;'
sequence='\x1b[<0;96;2'
sequence='\x1b[<0;96;28'
sequence='\x1b[<0;96;28M'
FEED '\x1b[<0;96;28m'
character='\x1b'
sequence='\x1b['
sequence='\x1b[<'
sequence='\x1b[<0'
sequence='\x1b[<0;'
sequence='\x1b[<0;9'
sequence='\x1b[<0;96'
sequence='\x1b[<0;96;'
sequence='\x1b[<0;96;2'
sequence='\x1b[<0;96;28'
sequence='\x1b[<0;96;28m'
FEED '\x1b[<35;96;28m'
character='\x1b'
sequence='\x1b['
sequence='\x1b[<'
sequence='\x1b[<3'
sequence='\x1b[<35'
sequence='\x1b[<35;'
sequence='\x1b[<35;9'
sequence='\x1b[<35;96'
sequence='\x1b[<35;96;'
sequence='\x1b[<35;96;2'
sequence='\x1b[<35;96;28'
sequence='\x1b[<35;96;28m'
FEED '\x1b[<35;97;28m'
character='\x1b'
sequence='\x1b['
sequence='\x1b[<'
sequence='\x1b[<3'
sequence='\x1b[<35'
sequence='\x1b[<35;'
sequence='\x1b[<35;9'
sequence='\x1b[<35;97'
sequence='\x1b[<35;97;'
sequence='\x1b[<35;97;2'
sequence='\x1b[<35;97;28'
sequence='\x1b[<35;97;28m'
FEED '\x1b[<35;98;28m'
character='\x1b'
sequence='\x1b['
sequence='\x1b[<'
sequence='\x1b[<3'
sequence='\x1b[<35'
sequence='\x1b[<35;'
sequence='\x1b[<35;9'
sequence='\x1b[<35;98'
sequence='\x1b[<35;98;'
sequence='\x1b[<35;98;2'
sequence='\x1b[<35;98;28'
sequence='\x1b[<35;98;28m'
FEED '\x1b[<35;98;29m'
character='\x1b'
sequence='\x1b['
sequence='\x1b[<'
sequence='\x1b[<3'
sequence='\x1b[<35'
sequence='\x1b[<35;'
sequence='\x1b[<35;9'
sequence='\x1b[<35;98'
sequence='\x1b[<35;98;'
sequence='\x1b[<35;98;2'
sequence='\x1b[<35;98;29'
sequence='\x1b[<35;98;29m'
FEED '\x1b[<35;99;29m'
character='\x1b'
sequence='\x1b['
sequence='\x1b[<'
sequence='\x1b[<3'
sequence='\x1b[<35'
sequence='\x1b[<35;'
sequence='\x1b[<35;9'
sequence='\x1b[<35;99'
sequence='\x1b[<35;99;'
sequence='\x1b[<35;99;2'
sequence='\x1b[<35;99;29'
sequence='\x1b[<35;99;29m'
FEED '\x1b[<35;100;29m'
character='\x1b'
sequence='\x1b['
sequence='\x1b[<'
sequence='\x1b[<3'
sequence='\x1b[<35'
sequence='\x1b[<35;'
sequence='\x1b[<35;1'
sequence='\x1b[<35;10'
sequence='\x1b[<35;100'
sequence='\x1b[<35;100;'
sequence='\x1b[<35;100;2'
sequence='\x1b[<35;100;29'
sequence='\x1b[<35;100;29m'
FEED '\x1b[<35;101;29m'
character='\x1b'
sequence='\x1b['
sequence='\x1b[<'
sequence='\x1b[<3'
sequence='\x1b[<35'
sequence='\x1b[<35;'
sequence='\x1b[<35;1'
sequence='\x1b[<35;10'
sequence='\x1b[<35;101'
sequence='\x1b[<35;101;'
sequence='\x1b[<35;101;2'
sequence='\x1b[<35;101;29'
sequence='\x1b[<35;101;29m'
FEED '\x1b[<35;102;29m'
character='\x1b'
sequence='\x1b['
sequence='\x1b[<'
sequence='\x1b[<3'
sequence='\x1b[<35'
sequence='\x1b[<35;'
sequence='\x1b[<35;1'
sequence='\x1b[<35;10'
sequence='\x1b[<35;102'
sequence='\x1b[<35;102;'
sequence='\x1b[<35;102;2'
sequence='\x1b[<35;102;29'
sequence='\x1b[<35;102;29m'
FEED '\x1b[<35;103;29m'
character='\x1b'
sequence='\x1b['
sequence='\x1b[<'
sequence='\x1b[<3'
sequence='\x1b[<35'
sequence='\x1b[<35;'
sequence='\x1b[<35;1'
sequence='\x1b[<35;10'
sequence='\x1b[<35;103'
sequence='\x1b[<35;103;'
sequence='\x1b[<35;103;2'
sequence='\x1b[<35;103;29'
sequence='\x1b[<35;103;29m'
FEED '\x1b[<35;103;28m'
character='\x1b'
sequence='\x1b['
sequence='\x1b[<'
sequence='\x1b[<3'
sequence='\x1b[<35'
sequence='\x1b[<35;'
sequence='\x1b[<35;1'
sequence='\x1b[<35;10'
sequence='\x1b[<35;103'
sequence='\x1b[<35;103;'
sequence='\x1b[<35;103;2'
sequence='\x1b[<35;103;28'
sequence='\x1b[<35;103;28m'
FEED '\x1b[<35;104;28m'
character='\x1b'
sequence='\x1b['
sequence='\x1b[<'
sequence='\x1b[<3'
sequence='\x1b[<35'
sequence='\x1b[<35;'
sequence='\x1b[<35;1'
sequence='\x1b[<35;10'
sequence='\x1b[<35;104'
sequence='\x1b[<35;104;'
sequence='\x1b[<35;104;2'
sequence='\x1b[<35;104;28'
sequence='\x1b[<35;104;28m'
FEED '\x1b[<35;105;28m'
character='\x1b'
sequence='\x1b['
sequence='\x1b[<'
sequence='\x1b[<3'
sequence='\x1b[<35'
sequence='\x1b[<35;'
sequence='\x1b[<35;1'
sequence='\x1b[<35;10'
sequence='\x1b[<35;105'
sequence='\x1b[<35;105;'
sequence='\x1b[<35;105;2'
sequence='\x1b[<35;105;28'
sequence='\x1b[<35;105;28m'
FEED '\x1b[<35;106;28m'
character='\x1b'
sequence='\x1b['
sequence='\x1b[<'
sequence='\x1b[<3'
sequence='\x1b[<35'
sequence='\x1b[<35;'
sequence='\x1b[<35;1'
sequence='\x1b[<35;10'
sequence='\x1b[<35;106'
sequence='\x1b[<35;106;'
sequence='\x1b[<35;106;2'
sequence='\x1b[<35;106;28'
sequence='\x1b[<35;106;28m'
FEED '\x1b[<35;107;28m'
character='\x1b'
sequence='\x1b['
sequence='\x1b[<'
sequence='\x1b[<3'
sequence='\x1b[<35'
sequence='\x1b[<35;'
sequence='\x1b[<35;1'
sequence='\x1b[<35;10'
sequence='\x1b[<35;107'
sequence='\x1b[<35;107;'
sequence='\x1b[<35;107;2'
sequence='\x1b[<35;107;28'
sequence='\x1b[<35;107;28m'
FEED '\x1b[<35;108;28m'
character='\x1b'
sequence='\x1b['
sequence='\x1b[<'
sequence='\x1b[<3'
sequence='\x1b[<35'
sequence='\x1b[<35;'
sequence='\x1b[<35;1'
sequence='\x1b[<35;10'
sequence='\x1b[<35;108'
sequence='\x1b[<35;108;'
sequence='\x1b[<35;108;2'
sequence='\x1b[<35;108;28'
sequence='\x1b[<35;108;28m'
FEED '\x1b[<35;108;27m'
character='\x1b'
sequence='\x1b['
sequence='\x1b[<'
sequence='\x1b[<3'
sequence='\x1b[<35'
sequence='\x1b[<35;'
sequence='\x1b[<35;1'
sequence='\x1b[<35;10'
sequence='\x1b[<35;108'
sequence='\x1b[<35;108;'
sequence='\x1b[<35;108;2'
sequence='\x1b[<35;108;27'
sequence='\x1b[<35;108;27m'
FEED '\x1b[<35;109;27m'
character='\x1b'
sequence='\x1b['
sequence='\x1b[<'
sequence='\x1b[<3'
sequence='\x1b[<35'
sequence='\x1b[<35;'
sequence='\x1b[<35;1'
sequence='\x1b[<35;10'
sequence='\x1b[<35;109'
sequence='\x1b[<35;109;'
sequence='\x1b[<35;109;2'
sequence='\x1b[<35;109;27'
sequence='\x1b[<35;109;27m'
FEED '\x1b[<35;110;27m'
character='\x1b'
sequence='\x1b['
sequence='\x1b[<'
sequence='\x1b[<3'
sequence='\x1b[<35'
sequence='\x1b[<35;'
sequence='\x1b[<35;1'
sequence='\x1b[<35;11'
sequence='\x1b[<35;110'
sequence='\x1b[<35;110;'
sequence='\x1b[<35;110;2'
sequence='\x1b[<35;110;27'
sequence='\x1b[<35;110;27m'
FEED '\x1b[<35;110;26m'
character='\x1b'
sequence='\x1b['
sequence='\x1b[<'
sequence='\x1b[<3'
sequence='\x1b[<35'
sequence='\x1b[<35;'
sequence='\x1b[<35;1'
sequence='\x1b[<35;11'
sequence='\x1b[<35;110'
sequence='\x1b[<35;110;'
sequence='\x1b[<35;110;2'
sequence='\x1b[<35;110;26'
sequence='\x1b[<35;110;26m'
FEED '\x1b[<35;111;26m'
character='\x1b'
sequence='\x1b['
sequence='\x1b[<'
sequence='\x1b[<3'
sequence='\x1b[<35'
sequence='\x1b[<35;'
sequence='\x1b[<35;1'
sequence='\x1b[<35;11'
sequence='\x1b[<35;111'
sequence='\x1b[<35;111;'
sequence='\x1b[<35;111;2'
sequence='\x1b[<35;111;26'
sequence='\x1b[<35;111;26m'
FEED '\x1b[<35;112;26m'
character='\x1b'
sequence='\x1b['
sequence='\x1b[<'
sequence='\x1b[<3'
sequence='\x1b[<35'
sequence='\x1b[<35;'
sequence='\x1b[<35;1'
sequence='\x1b[<35;11'
sequence='\x1b[<35;112'
sequence='\x1b[<35;112;'
sequence='\x1b[<35;112;2'
sequence='\x1b[<35;112;26'
sequence='\x1b[<35;112;26m'
FEED '\x1b[<35;112;27m'
character='\x1b'
sequence='\x1b['
sequence='\x1b[<'
sequence='\x1b[<3'
sequence='\x1b[<35'
sequence='\x1b[<35;'
sequence='\x1b[<35;1'
sequence='\x1b[<35;11'
sequence='\x1b[<35;112'
sequence='\x1b[<35;112;'
sequence='\x1b[<35;112;2'
sequence='\x1b[<35;112;27'
sequence='\x1b[<35;112;27m'
FEED '\x1b[<35;112;28m'
character='\x1b'
sequence='\x1b['
sequence='\x1b[<'
sequence='\x1b[<3'
sequence='\x1b[<35'
sequence='\x1b[<35;'
sequence='\x1b[<35;1'
sequence='\x1b[<35;11'
sequence='\x1b[<35;112'
sequence='\x1b[<35;112;'
sequence='\x1b[<35;112;2'
sequence='\x1b[<35;112;28'
sequence='\x1b[<35;112;28m'
FEED '\x1b[<0;112;28M'
character='\x1b'
sequence='\x1b['
sequence='\x1b[<'
sequence='\x1b[<0'
sequence='\x1b[<0;'
sequence='\x1b[<0;1'
sequence='\x1b[<0;11'
sequence='\x1b[<0;112'
sequence='\x1b[<0;112;'
sequence='\x1b[<0;112;2'
sequence='\x1b[<0;112;28'
sequence='\x1b[<0;112;28M'
FEED '\x1b[<32;112;28M'
character='\x1b'
sequence='\x1b['
sequence='\x1b[<'
sequence='\x1b[<3'
sequence='\x1b[<32'
sequence='\x1b[<32;'
sequence='\x1b[<32;1'
sequence='\x1b[<32;11'
sequence='\x1b[<32;112'
sequence='\x1b[<32;112;'
sequence='\x1b[<32;112;2'
sequence='\x1b[<32;112;28'
sequence='\x1b[<32;112;28M'
FEED '\x1b[<0;112;28m'
character='\x1b'
sequence='\x1b['
sequence='\x1b[<'
sequence='\x1b[<0'
sequence='\x1b[<0;'
sequence='\x1b[<0;1'
sequence='\x1b[<0;11'
sequence='\x1b[<0;112'
sequence='\x1b[<0;112;'
sequence='\x1b[<0;112;2'
sequence='\x1b[<0;112;28'
sequence='\x1b[<0;112;28m'
FEED '\x1b[<35;112;28m'
character='\x1b'
sequence='\x1b['
sequence='\x1b[<'
sequence='\x1b[<3'
sequence='\x1b[<35'
sequence='\x1b[<35;'
sequence='\x1b[<35;1'
sequence='\x1b[<35;11'
sequence='\x1b[<35;112'
sequence='\x1b[<35;112;'
sequence='\x1b[<35;112;2'
sequence='\x1b[<35;112;28'
sequence='\x1b[<35;112;28m'
FEED '\x1b[<35;111;28m'
character='\x1b'
sequence='\x1b['
sequence='\x1b[<'
sequence='\x1b[<3'
sequence='\x1b[<35'
sequence='\x1b[<35;'
sequence='\x1b[<35;1'
sequence='\x1b[<35;11'
sequence='\x1b[<35;111'
sequence='\x1b[<35;111;'
sequence='\x1b[<35;111;2'
sequence='\x1b[<35;111;28'
sequence='\x1b[<35;111;28m'
FEED '\x1b[<35;110;28m'
character='\x1b'
sequence='\x1b['
sequence='\x1b[<'
sequence='\x1b[<3'
sequence='\x1b[<35'
sequence='\x1b[<35;'
sequence='\x1b[<35;1'
sequence='\x1b[<35;11'
sequence='\x1b[<35;110'
sequence='\x1b[<35;110;'
sequence='\x1b[<35;110;2'
sequence='\x1b[<35;110;28'
sequence='\x1b[<35;110;28m'
FEED '\x1b[<35;110;29m'
character='\x1b'
sequence='\x1b['
sequence='\x1b[<'
sequence='\x1b[<3'
sequence='\x1b[<35'
sequence='\x1b[<35;'
sequence='\x1b[<35;1'
sequence='\x1b[<35;11'
sequence='\x1b[<35;110'
sequence='\x1b[<35;110;'
sequence='\x1b[<35;110;2'
sequence='\x1b[<35;110;29'
sequence='\x1b[<35;110;29m'
FEED '\x1b[<35;109;29m'
character='\x1b'
sequence='\x1b['
sequence='\x1b[<'
sequence='\x1b[<3'
sequence='\x1b[<35'
sequence='\x1b[<35;'
sequence='\x1b[<35;1'
sequence='\x1b[<35;10'
sequence='\x1b[<35;109'
sequence='\x1b[<35;109;'
sequence='\x1b[<35;109;2'
sequence='\x1b[<35;109;29'
sequence='\x1b[<35;109;29m'
FEED '\x1b[<35;108;29m'
character='\x1b'
sequence='\x1b['
sequence='\x1b[<'
sequence='\x1b[<3'
sequence='\x1b[<35'
sequence='\x1b[<35;'
sequence='\x1b[<35;1'
sequence='\x1b[<35;10'
sequence='\x1b[<35;108'
sequence='\x1b[<35;108;'
sequence='\x1b[<35;108;2'
sequence='\x1b[<35;108;29'
sequence='\x1b[<35;108;29m'
FEED '\x1b[<35;107;29m'
character='\x1b'
sequence='\x1b['
sequence='\x1b[<'
sequence='\x1b[<3'
sequence='\x1b[<35'
sequence='\x1b[<35;'
sequence='\x1b[<35;1'
sequence='\x1b[<35;10'
sequence='\x1b[<35;107'
sequence='\x1b[<35;107;'
sequence='\x1b[<35;107;2'
sequence='\x1b[<35;107;29'
sequence='\x1b[<35;107;29m'
FEED '\x1b[<35;106;29m'
character='\x1b'
sequence='\x1b['
sequence='\x1b[<'
sequence='\x1b[<3'
sequence='\x1b[<35'
sequence='\x1b[<35;'
sequence='\x1b[<35;1'
sequence='\x1b[<35;10'
sequence='\x1b[<35;106'
sequence='\x1b[<35;106;'
sequence='\x1b[<35;106;2'
sequence='\x1b[<35;106;29'
sequence='\x1b[<35;106;29m'
FEED '\x1b[<35;105;29m'
character='\x1b'
sequence='\x1b['
sequence='\x1b[<'
sequence='\x1b[<3'
sequence='\x1b[<35'
sequence='\x1b[<35;'
sequence='\x1b[<35;1'
sequence='\x1b[<35;10'
sequence='\x1b[<35;105'
sequence='\x1b[<35;105;'
sequence='\x1b[<35;105;2'
sequence='\x1b[<35;105;29'
sequence='\x1b[<35;105;29m'
FEED '\x1b[<35;104;29m'
character='\x1b'
sequence='\x1b['
sequence='\x1b[<'
sequence='\x1b[<3'
sequence='\x1b[<35'
sequence='\x1b[<35;'
sequence='\x1b[<35;1'
sequence='\x1b[<35;10'
sequence='\x1b[<35;104'
sequence='\x1b[<35;104;'
sequence='\x1b[<35;104;2'
sequence='\x1b[<35;104;29'
sequence='\x1b[<35;104;29m'
FEED '\x1b[<35;103;30m'
character='\x1b'
sequence='\x1b['
sequence='\x1b[<'
sequence='\x1b[<3'
sequence='\x1b[<35'
sequence='\x1b[<35;'
sequence='\x1b[<35;1'
sequence='\x1b[<35;10'
sequence='\x1b[<35;103'
sequence='\x1b[<35;103;'
sequence='\x1b[<35;103;3'
sequence='\x1b[<35;103;30'
sequence='\x1b[<35;103;30m'
FEED '\x1b[<35;101;30m'
character='\x1b'
sequence='\x1b['
sequence='\x1b[<'
sequence='\x1b[<3'
sequence='\x1b[<35'
sequence='\x1b[<35;'
sequence='\x1b[<35;1'
sequence='\x1b[<35;10'
sequence='\x1b[<35;101'
sequence='\x1b[<35;101;'
sequence='\x1b[<35;101;3'
sequence='\x1b[<35;101;30'
sequence='\x1b[<35;101;30m'
FEED '\x1b[<35;100;30m'
character='\x1b'
sequence='\x1b['
sequence='\x1b[<'
sequence='\x1b[<3'
sequence='\x1b[<35'
sequence='\x1b[<35;'
sequence='\x1b[<35;1'
sequence='\x1b[<35;10'
sequence='\x1b[<35;100'
sequence='\x1b[<35;100;'
sequence='\x1b[<35;100;3'
sequence='\x1b[<35;100;30'
sequence='\x1b[<35;100;30m'
FEED '\x1b[<35;98;30m'
character='\x1b'
sequence='\x1b['
sequence='\x1b[<'
sequence='\x1b[<3'
sequence='\x1b[<35'
sequence='\x1b[<35;'
sequence='\x1b[<35;9'
sequence='\x1b[<35;98'
sequence='\x1b[<35;98;'
sequence='\x1b[<35;98;3'
sequence='\x1b[<35;98;30'
sequence='\x1b[<35;98;30m'
FEED '\x1b[<35;97;30m'
character='\x1b'
sequence='\x1b['
sequence='\x1b[<'
sequence='\x1b[<3'
sequence='\x1b[<35'
sequence='\x1b[<35;'
sequence='\x1b[<35;9'
sequence='\x1b[<35;97'
sequence='\x1b[<35;97;'
sequence='\x1b[<35;97;3'
sequence='\x1b[<35;97;30'
sequence='\x1b[<35;97;30m'
FEED '\x1b[<35;96;30m'
character='\x1b'
sequence='\x1b['
sequence='\x1b[<'
sequence='\x1b[<3'
sequence='\x1b[<35'
sequence='\x1b[<35;'
sequence='\x1b[<35;9'
sequence='\x1b[<35;96'
sequence='\x1b[<35;96;'
sequence='\x1b[<35;96;3'
sequence='\x1b[<35;96;30'
sequence='\x1b[<35;96;30m'
FEED '\x1b[<35;97;30m'
character='\x1b'
sequence='\x1b['
sequence='\x1b[<'
sequence='\x1b[<3'
sequence='\x1b[<35'
sequence='\x1b[<35;'
sequence='\x1b[<35;9'
sequence='\x1b[<35;97'
sequence='\x1b[<35;97;'
sequence='\x1b[<35;97;3'
sequence='\x1b[<35;97;30'
sequence='\x1b[<35;97;30m'
FEED '\x1b[<35;97;29m'
character='\x1b'
sequence='\x1b['
sequence='\x1b[<'
sequence='\x1b[<3'
sequence='\x1b[<35'
sequence='\x1b[<35;'
sequence='\x1b[<35;9'
sequence='\x1b[<35;97'
sequence='\x1b[<35;97;'
sequence='\x1b[<35;97;2'
sequence='\x1b[<35;97;29'
sequence='\x1b[<35;97;29m'
FEED '\x1b[<35;98;29m'
character='\x1b'
sequence='\x1b['
sequence='\x1b[<'
sequence='\x1b[<3'
sequence='\x1b[<35'
sequence='\x1b[<35;'
sequence='\x1b[<35;9'
sequence='\x1b[<35;98'
sequence='\x1b[<35;98;'
sequence='\x1b[<35;98;2'
sequence='\x1b[<35;98;29'
sequence='\x1b[<35;98;29m'
FEED '\x1b[<35;98;28m'
character='\x1b'
sequence='\x1b['
sequence='\x1b[<'
sequence='\x1b[<3'
sequence='\x1b[<35'
sequence='\x1b[<35;'
sequence='\x1b[<35;9'
sequence='\x1b[<35;98'
sequence='\x1b[<35;98;'
sequence='\x1b[<35;98;2'
sequence='\x1b[<35;98;28'
sequence='\x1b[<35;98;28m'
FEED '\x1b[<0;98;28M'
character='\x1b'
sequence='\x1b['
sequence='\x1b[<'
sequence='\x1b[<0'
sequence='\x1b[<0;'
sequence='\x1b[<0;9'
sequence='\x1b[<0;98'
sequence='\x1b[<0;98;'
sequence='\x1b[<0;98;2'
sequence='\x1b[<0;98;28'
sequence='\x1b[<0;98;28M'
FEED '\x1b[<32;98;28M'
character='\x1b'
sequence='\x1b['
sequence='\x1b[<'
sequence='\x1b[<3'
sequence='\x1b[<32'
sequence='\x1b[<32;'
sequence='\x1b[<32;9'
sequence='\x1b[<32;98'
sequence='\x1b[<32;98;'
sequence='\x1b[<32;98;2'
sequence='\x1b[<32;98;28'
sequence='\x1b[<32;98;28M'
FEED '\x1b[<0;98;28m'
character='\x1b'
sequence='\x1b['
sequence='\x1b[<'
sequence='\x1b[<0'
sequence='\x1b[<0;'
sequence='\x1b[<0;9'
sequence='\x1b[<0;98'
sequence='\x1b[<0;98;'
sequence='\x1b[<0;98;2'
sequence='\x1b[<0;98;28'
sequence='\x1b[<0;98;28m'
FEED '\x1b[<35;98;28m'
character='\x1b'
sequence='\x1b['
sequence='\x1b[<'
sequence='\x1b[<3'
sequence='\x1b[<35'
sequence='\x1b[<35;'
sequence='\x1b[<35;9'
sequence='\x1b[<35;98'
sequence='\x1b[<35;98;'
sequence='\x1b[<35;98;2'
sequence='\x1b[<35;98;28'
sequence='\x1b[<35;98;28m'
FEED '\x1b[<35;99;28m'
character='\x1b'
sequence='\x1b['
sequence='\x1b[<'
sequence='\x1b[<3'
sequence='\x1b[<35'
sequence='\x1b[<35;'
sequence='\x1b[<35;9'
sequence='\x1b[<35;99'
sequence='\x1b[<35;99;'
sequence='\x1b[<35;99;2'
sequence='\x1b[<35;99;28'
sequence='\x1b[<35;99;28m'
FEED '\x1b[<35;99;27m'
character='\x1b'
sequence='\x1b['
sequence='\x1b[<'
sequence='\x1b[<3'
sequence='\x1b[<35'
sequence='\x1b[<35;'
sequence='\x1b[<35;9'
sequence='\x1b[<35;99'
sequence='\x1b[<35;99;'
sequence='\x1b[<35;99;2'
sequence='\x1b[<35;99;27'
sequence='\x1b[<35;99;27m'
FEED '\x1b[<35;98;27m'
character='\x1b'
sequence='\x1b['
sequence='\x1b[<'
sequence='\x1b[<3'
sequence='\x1b[<35'
sequence='\x1b[<35;'
sequence='\x1b[<35;9'
sequence='\x1b[<35;98'
sequence='\x1b[<35;98;'
sequence='\x1b[<35;98;2'
sequence='\x1b[<35;98;27'
sequence='\x1b[<35;98;27m'
FEED '\x1b[<35;98;26m'
character='\x1b'
sequence='\x1b['
sequence='\x1b[<'
sequence='\x1b[<3'
sequence='\x1b[<35'
sequence='\x1b[<35;'
sequence='\x1b[<35;9'
sequence='\x1b[<35;98'
sequence='\x1b[<35;98;'
sequence='\x1b[<35;98;2'
sequence='\x1b[<35;98;26'
sequence='\x1b[<35;98;26m'
FEED '\x1b[<35;97;26m'
character='\x1b'
sequence='\x1b['
sequence='\x1b[<'
sequence='\x1b[<3'
sequence='\x1b[<35'
sequence='\x1b[<35;'
sequence='\x1b[<35;9'
sequence='\x1b[<35;97'
sequence='\x1b[<35;97;'
sequence='\x1b[<35;97;2'
sequence='\x1b[<35;97;26'
sequence='\x1b[<35;97;26m'
FEED '\x1b[<35;97;25m'
character='\x1b'
sequence='\x1b['
sequence='\x1b[<'
sequence='\x1b[<3'
sequence='\x1b[<35'
sequence='\x1b[<35;'
sequence='\x1b[<35;9'
sequence='\x1b[<35;97'
sequence='\x1b[<35;97;'
sequence='\x1b[<35;97;2'
sequence='\x1b[<35;97;25'
sequence='\x1b[<35;97;25m'
FEED '\x1b[<35;96;25m'
character='\x1b'
sequence='\x1b['
sequence='\x1b[<'
sequence='\x1b[<3'
sequence='\x1b[<35'
sequence='\x1b[<35;'
sequence='\x1b[<35;9'
sequence='\x1b[<35;96'
sequence='\x1b[<35;96;'
sequence='\x1b[<35;96;2'
sequence='\x1b[<35;96;25'
sequence='\x1b[<35;96;25m'
FEED '\x1b[<35;96;24m'
character='\x1b'
sequence='\x1b['
sequence='\x1b[<'
sequence='\x1b[<3'
sequence='\x1b[<35'
sequence='\x1b[<35;'
sequence='\x1b[<35;9'
sequence='\x1b[<35;96'
sequence='\x1b[<35;96;'
sequence='\x1b[<35;96;2'
sequence='\x1b[<35;96;24'
sequence='\x1b[<35;96;24m'
FEED '\x1b[<35;95;24m'
character='\x1b'
sequence='\x1b['
sequence='\x1b[<'
sequence='\x1b[<3'
sequence='\x1b[<35'
sequence='\x1b[<35;'
sequence='\x1b[<35;9'
sequence='\x1b[<35;95'
sequence='\x1b[<35;95;'
sequence='\x1b[<35;95;2'
sequence='\x1b[<35;95;24'
sequence='\x1b[<35;95;24m'
FEED '\x1b[<35;96;23m'
character='\x1b'
sequence='\x1b['
sequence='\x1b[<'
sequence='\x1b[<3'
sequence='\x1b[<35'
sequence='\x1b[<35;'
sequence='\x1b[<35;9'
sequence='\x1b[<35;96'
sequence='\x1b[<35;96;'
sequence='\x1b[<35;96;2'
sequence='\x1b[<35;96;23'
sequence='\x1b[<35;96;23m'
FEED '\x1b[<35;97;23m'
character='\x1b'
sequence='\x1b['
sequence='\x1b[<'
sequence='\x1b[<3'
sequence='\x1b[<35'
sequence='\x1b[<35;'
sequence='\x1b[<35;9'
sequence='\x1b[<35;97'
sequence='\x1b[<35;97;'
sequence='\x1b[<35;97;2'
sequence='\x1b[<35;97;23'
sequence='\x1b[<35;97;23m'
FEED '\x1b[<35;98;23m'
character='\x1b'
sequence='\x1b['
sequence='\x1b[<'
sequence='\x1b[<3'
sequence='\x1b[<35'
sequence='\x1b[<35;'
sequence='\x1b[<35;9'
sequence='\x1b[<35;98'
sequence='\x1b[<35;98;'
sequence='\x1b[<35;98;2'
sequence='\x1b[<35;98;23'
sequence='\x1b[<35;98;23m'
FEED '\x1b[<35;99;23m'
character='\x1b'
sequence='\x1b['
sequence='\x1b[<'
sequence='\x1b[<3'
sequence='\x1b[<35'
sequence='\x1b[<35;'
sequence='\x1b[<35;9'
sequence='\x1b[<35;99'
sequence='\x1b[<35;99;'
sequence='\x1b[<35;99;2'
sequence='\x1b[<35;99;23'
sequence='\x1b[<35;99;23m'
FEED '\x1b[<35;100;23m'
character='\x1b'
sequence='\x1b['
sequence='\x1b[<'
sequence='\x1b[<3'
sequence='\x1b[<35'
sequence='\x1b[<35;'
sequence='\x1b[<35;1'
sequence='\x1b[<35;10'
sequence='\x1b[<35;100'
sequence='\x1b[<35;100;'
sequence='\x1b[<35;100;2'
sequence='\x1b[<35;100;23'
sequence='\x1b[<35;100;23m'
FEED '\x1b[<35;101;23m'
character='\x1b'
sequence='\x1b['
sequence='\x1b[<'
sequence='\x1b[<3'
sequence='\x1b[<35'
sequence='\x1b[<35;'
sequence='\x1b[<35;1'
sequence='\x1b[<35;10'
sequence='\x1b[<35;101'
sequence='\x1b[<35;101;'
sequence='\x1b[<35;101;2'
sequence='\x1b[<35;101;23'
sequence='\x1b[<35;101;23m'
FEED '\x1b[<35;102;23m'
character='\x1b'
sequence='\x1b['
sequence='\x1b[<'
sequence='\x1b[<3'
sequence='\x1b[<35'
sequence='\x1b[<35;'
sequence='\x1b[<35;1'
sequence='\x1b[<35;10'
sequence='\x1b[<35;102'
sequence='\x1b[<35;102;'
sequence='\x1b[<35;102;2'
sequence='\x1b[<35;102;23'
sequence='\x1b[<35;102;23m'
FEED '\x1b[<35;103;23m'
character='\x1b'
sequence='\x1b['
sequence='\x1b[<'
sequence='\x1b[<3'
sequence='\x1b[<35'
sequence='\x1b[<35;'
sequence='\x1b[<35;1'
sequence='\x1b[<35;10'
sequence='\x1b[<35;103'
sequence='\x1b[<35;103;'
sequence='\x1b[<35;103;2'
sequence='\x1b[<35;103;23'
sequence='\x1b[<35;103;23m'
FEED '\x1b[<35;104;23m'
character='\x1b'
sequence='\x1b['
sequence='\x1b[<'
sequence='\x1b[<3'
sequence='\x1b[<35'
sequence='\x1b[<35;'
sequence='\x1b[<35;1'
sequence='\x1b[<35;10'
sequence='\x1b[<35;104'
sequence='\x1b[<35;104;'
sequence='\x1b[<35;104;2'
sequence='\x1b[<35;104;23'
sequence='\x1b[<35;104;23m'
FEED '\x1b[<35;106;23m'
character='\x1b'
sequence='\x1b['
sequence='\x1b[<'
sequence='\x1b[<3'
sequence='\x1b[<35'
sequence='\x1b[<35;'
sequence='\x1b[<35;1'
sequence='\x1b[<35;10'
sequence='\x1b[<35;106'
sequence='\x1b[<35;106;'
sequence='\x1b[<35;106;2'
sequence='\x1b[<35;106;23'
sequence='\x1b[<35;106;23m'
FEED '\x1b[<35;107;23m'
character='\x1b'
sequence='\x1b['
sequence='\x1b[<'
sequence='\x1b[<3'
sequence='\x1b[<35'
sequence='\x1b[<35;'
sequence='\x1b[<35;1'
sequence='\x1b[<35;10'
sequence='\x1b[<35;107'
sequence='\x1b[<35;107;'
sequence='\x1b[<35;107;2'
sequence='\x1b[<35;107;23'
sequence='\x1b[<35;107;23m'
FEED '\x1b[<35;108;24m'
character='\x1b'
sequence='\x1b['
sequence='\x1b[<'
sequence='\x1b[<3'
sequence='\x1b[<35'
sequence='\x1b[<35;'
sequence='\x1b[<35;1'
sequence='\x1b[<35;10'
sequence='\x1b[<35;108'
sequence='\x1b[<35;108;'
sequence='\x1b[<35;108;2'
sequence='\x1b[<35;108;24'
sequence='\x1b[<35;108;24m'
FEED '\x1b[<35;110;24m'
character='\x1b'
sequence='\x1b['
sequence='\x1b[<'
sequence='\x1b[<3'
sequence='\x1b[<35'
sequence='\x1b[<35;'
sequence='\x1b[<35;1'
sequence='\x1b[<35;11'
sequence='\x1b[<35;110'
sequence='\x1b[<35;110;'
sequence='\x1b[<35;110;2'
sequence='\x1b[<35;110;24'
sequence='\x1b[<35;110;24m'
FEED '\x1b[<35;112;24m'
character='\x1b'
sequence='\x1b['
sequence='\x1b[<'
sequence='\x1b[<3'
sequence='\x1b[<35'
sequence='\x1b[<35;'
sequence='\x1b[<35;1'
sequence='\x1b[<35;11'
sequence='\x1b[<35;112'
sequence='\x1b[<35;112;'
sequence='\x1b[<35;112;2'
sequence='\x1b[<35;112;24'
sequence='\x1b[<35;112;24m'
FEED '\x1b[<35;114;24m'
character='\x1b'
sequence='\x1b['
sequence='\x1b[<'
sequence='\x1b[<3'
sequence='\x1b[<35'
sequence='\x1b[<35;'
sequence='\x1b[<35;1'
sequence='\x1b[<35;11'
sequence='\x1b[<35;114'
sequence='\x1b[<35;114;'
sequence='\x1b[<35;114;2'
sequence='\x1b[<35;114;24'
sequence='\x1b[<35;114;24m'
FEED '\x1b[<35;117;24m'
character='\x1b'
sequence='\x1b['
sequence='\x1b[<'
sequence='\x1b[<3'
sequence='\x1b[<35'
sequence='\x1b[<35;'
sequence='\x1b[<35;1'
sequence='\x1b[<35;11'
sequence='\x1b[<35;117'
sequence='\x1b[<35;117;'
sequence='\x1b[<35;117;2'
sequence='\x1b[<35;117;24'
sequence='\x1b[<35;117;24m'
FEED '\x1b[<35;120;23m'
character='\x1b'
sequence='\x1b['
sequence='\x1b[<'
sequence='\x1b[<3'
sequence='\x1b[<35'
sequence='\x1b[<35;'
sequence='\x1b[<35;1'
sequence='\x1b[<35;12'
sequence='\x1b[<35;120'
sequence='\x1b[<35;120;'
sequence='\x1b[<35;120;2'
sequence='\x1b[<35;120;23'
sequence='\x1b[<35;120;23m'
FEED '\x1b[<0;28;30M'
character='\x1b'
sequence='\x1b['
sequence='\x1b[<'
sequence='\x1b[<0'
sequence='\x1b[<0;'
sequence='\x1b[<0;2'
sequence='\x1b[<0;28'
sequence='\x1b[<0;28;'
sequence='\x1b[<0;28;3'
sequence='\x1b[<0;28;30'
sequence='\x1b[<0;28;30M'
FEED '\x1b[<0;28;30m'
character='\x1b'
sequence='\x1b['
sequence='\x1b[<'
sequence='\x1b[<0'
sequence='\x1b[<0;'
sequence='\x1b[<0;2'
sequence='\x1b[<0;28'
sequence='\x1b[<0;28;'
sequence='\x1b[<0;28;3'
sequence='\x1b[<0;28;30'
sequence='\x1b[<0;28;30m'
FEED '\x1b[<35;28;30m'
character='\x1b'
sequence='\x1b['
sequence='\x1b[<'
sequence='\x1b[<3'
sequence='\x1b[<35'
sequence='\x1b[<35;'
sequence='\x1b[<35;2'
sequence='\x1b[<35;28'
sequence='\x1b[<35;28;'
sequence='\x1b[<35;28;3'
sequence='\x1b[<35;28;30'
sequence='\x1b[<35;28;30m'
FEED '\x1b[<35;27;30m'
character='\x1b'
sequence='\x1b['
sequence='\x1b[<'
sequence='\x1b[<3'
sequence='\x1b[<35'
sequence='\x1b[<35;'
sequence='\x1b[<35;2'
sequence='\x1b[<35;27'
sequence='\x1b[<35;27;'
sequence='\x1b[<35;27;3'
sequence='\x1b[<35;27;30'
sequence='\x1b[<35;27;30m'
FEED '\x1b[<35;26;30m'
character='\x1b'
sequence='\x1b['
sequence='\x1b[<'
sequence='\x1b[<3'
sequence='\x1b[<35'
sequence='\x1b[<35;'
sequence='\x1b[<35;2'
sequence='\x1b[<35;26'
sequence='\x1b[<35;26;'
sequence='\x1b[<35;26;3'
sequence='\x1b[<35;26;30'
sequence='\x1b[<35;26;30m'
FEED '\x1b[<35;27;30m'
character='\x1b'
sequence='\x1b['
sequence='\x1b[<'
sequence='\x1b[<3'
sequence='\x1b[<35'
sequence='\x1b[<35;'
sequence='\x1b[<35;2'
sequence='\x1b[<35;27'
sequence='\x1b[<35;27;'
sequence='\x1b[<35;27;3'
sequence='\x1b[<35;27;30'
sequence='\x1b[<35;27;30m'
FEED '\x1b[<35;27;29m'
character='\x1b'
sequence='\x1b['
sequence='\x1b[<'
sequence='\x1b[<3'
sequence='\x1b[<35'
sequence='\x1b[<35;'
sequence='\x1b[<35;2'
sequence='\x1b[<35;27'
sequence='\x1b[<35;27;'
sequence='\x1b[<35;27;2'
sequence='\x1b[<35;27;29'
sequence='\x1b[<35;27;29m'
FEED '\x1b[<35;28;29m'
character='\x1b'
sequence='\x1b['
sequence='\x1b[<'
sequence='\x1b[<3'
sequence='\x1b[<35'
sequence='\x1b[<35;'
sequence='\x1b[<35;2'
sequence='\x1b[<35;28'
sequence='\x1b[<35;28;'
sequence='\x1b[<35;28;2'
sequence='\x1b[<35;28;29'
sequence='\x1b[<35;28;29m'
FEED '\x1b[<35;29;29m'
character='\x1b'
sequence='\x1b['
sequence='\x1b[<'
sequence='\x1b[<3'
sequence='\x1b[<35'
sequence='\x1b[<35;'
sequence='\x1b[<35;2'
sequence='\x1b[<35;29'
sequence='\x1b[<35;29;'
sequence='\x1b[<35;29;2'
sequence='\x1b[<35;29;29'
sequence='\x1b[<35;29;29m'
FEED '\x1b[<35;30;28m'
character='\x1b'
sequence='\x1b['
sequence='\x1b[<'
sequence='\x1b[<3'
sequence='\x1b[<35'
sequence='\x1b[<35;'
sequence='\x1b[<35;3'
sequence='\x1b[<35;30'
sequence='\x1b[<35;30;'
sequence='\x1b[<35;30;2'
sequence='\x1b[<35;30;28'
sequence='\x1b[<35;30;28m'
FEED '\x1b[<35;32;27m'
character='\x1b'
sequence='\x1b['
sequence='\x1b[<'
sequence='\x1b[<3'
sequence='\x1b[<35'
sequence='\x1b[<35;'
sequence='\x1b[<35;3'
sequence='\x1b[<35;32'
sequence='\x1b[<35;32;'
sequence='\x1b[<35;32;2'
sequence='\x1b[<35;32;27'
sequence='\x1b[<35;32;27m'
FEED '\x1b[<35;34;26m'
character='\x1b'
sequence='\x1b['
sequence='\x1b[<'
sequence='\x1b[<3'
sequence='\x1b[<35'
sequence='\x1b[<35;'
sequence='\x1b[<35;3'
sequence='\x1b[<35;34'
sequence='\x1b[<35;34;'
sequence='\x1b[<35;34;2'
sequence='\x1b[<35;34;26'
sequence='\x1b[<35;34;26m'
FEED '\x1b[<35;35;25m'
character='\x1b'
sequence='\x1b['
sequence='\x1b[<'
sequence='\x1b[<3'
sequence='\x1b[<35'
sequence='\x1b[<35;'
sequence='\x1b[<35;3'
sequence='\x1b[<35;35'
sequence='\x1b[<35;35;'
sequence='\x1b[<35;35;2'
sequence='\x1b[<35;35;25'
sequence='\x1b[<35;35;25m'
FEED '\x1b[<35;36;25m'
character='\x1b'
sequence='\x1b['
sequence='\x1b[<'
sequence='\x1b[<3'
sequence='\x1b[<35'
sequence='\x1b[<35;'
sequence='\x1b[<35;3'
sequence='\x1b[<35;36'
sequence='\x1b[<35;36;'
sequence='\x1b[<35;36;2'
sequence='\x1b[<35;36;25'
sequence='\x1b[<35;36;25m'
FEED '\x1b[<35;37;24m'
character='\x1b'
sequence='\x1b['
sequence='\x1b[<'
sequence='\x1b[<3'
sequence='\x1b[<35'
sequence='\x1b[<35;'
sequence='\x1b[<35;3'
sequence='\x1b[<35;37'
sequence='\x1b[<35;37;'
sequence='\x1b[<35;37;2'
sequence='\x1b[<35;37;24'
sequence='\x1b[<35;37;24m'
FEED '\x1b[<35;38;24m'
character='\x1b'
sequence='\x1b['
sequence='\x1b[<'
sequence='\x1b[<3'
sequence='\x1b[<35'
sequence='\x1b[<35;'
sequence='\x1b[<35;3'
sequence='\x1b[<35;38'
sequence='\x1b[<35;38;'
sequence='\x1b[<35;38;2'
sequence='\x1b[<35;38;24'
sequence='\x1b[<35;38;24m'
FEED '\x1b[<35;39;23m'
character='\x1b'
sequence='\x1b['
sequence='\x1b[<'
sequence='\x1b[<3'
sequence='\x1b[<35'
sequence='\x1b[<35;'
sequence='\x1b[<35;3'
sequence='\x1b[<35;39'
sequence='\x1b[<35;39;'
sequence='\x1b[<35;39;2'
sequence='\x1b[<35;39;23'
sequence='\x1b[<35;39;23m'
FEED '\x1b[<35;40;23m'
character='\x1b'
sequence='\x1b['
sequence='\x1b[<'
sequence='\x1b[<3'
sequence='\x1b[<35'
sequence='\x1b[<35;'
sequence='\x1b[<35;4'
sequence='\x1b[<35;40'
sequence='\x1b[<35;40;'
sequence='\x1b[<35;40;2'
sequence='\x1b[<35;40;23'
sequence='\x1b[<35;40;23m'
FEED '\x1b[<35;41;22m'
character='\x1b'
sequence='\x1b['
sequence='\x1b[<'
sequence='\x1b[<3'
sequence='\x1b[<35'
sequence='\x1b[<35;'
sequence='\x1b[<35;4'
sequence='\x1b[<35;41'
sequence='\x1b[<35;41;'
sequence='\x1b[<35;41;2'
sequence='\x1b[<35;41;22'
sequence='\x1b[<35;41;22m'
FEED '\x1b[<35;42;22m'
character='\x1b'
sequence='\x1b['
sequence='\x1b[<'
sequence='\x1b[<3'
sequence='\x1b[<35'
sequence='\x1b[<35;'
sequence='\x1b[<35;4'
sequence='\x1b[<35;42'
sequence='\x1b[<35;42;'
sequence='\x1b[<35;42;2'
sequence='\x1b[<35;42;22'
sequence='\x1b[<35;42;22m'
FEED '\x1b[<35;42;21m'
character='\x1b'
sequence='\x1b['
sequence='\x1b[<'
sequence='\x1b[<3'
sequence='\x1b[<35'
sequence='\x1b[<35;'
sequence='\x1b[<35;4'
sequence='\x1b[<35;42'
sequence='\x1b[<35;42;'
sequence='\x1b[<35;42;2'
sequence='\x1b[<35;42;21'
sequence='\x1b[<35;42;21m'
FEED '\x1b[<35;43;21m'
character='\x1b'
sequence='\x1b['
sequence='\x1b[<'
sequence='\x1b[<3'
sequence='\x1b[<35'
sequence='\x1b[<35;'
sequence='\x1b[<35;4'
sequence='\x1b[<35;43'
sequence='\x1b[<35;43;'
sequence='\x1b[<35;43;2'
sequence='\x1b[<35;43;21'
sequence='\x1b[<35;43;21m'
FEED '\x1b[<35;44;21m'
character='\x1b'
sequence='\x1b['
sequence='\x1b[<'
sequence='\x1b[<3'
sequence='\x1b[<35'
sequence='\x1b[<35;'
sequence='\x1b[<35;4'
sequence='\x1b[<35;44'
sequence='\x1b[<35;44;'
sequence='\x1b[<35;44;2'
sequence='\x1b[<35;44;21'
sequence='\x1b[<35;44;21m'
FEED '\x1b[<35;44;20m'
character='\x1b'
sequence='\x1b['
sequence='\x1b[<'
sequence='\x1b[<3'
sequence='\x1b[<35'
sequence='\x1b[<35;'
sequence='\x1b[<35;4'
sequence='\x1b[<35;44'
sequence='\x1b[<35;44;'
sequence='\x1b[<35;44;2'
sequence='\x1b[<35;44;20'
sequence='\x1b[<35;44;20m'
FEED '\x1b[<35;45;20m'
character='\x1b'
sequence='\x1b['
sequence='\x1b[<'
sequence='\x1b[<3'
sequence='\x1b[<35'
sequence='\x1b[<35;'
sequence='\x1b[<35;4'
sequence='\x1b[<35;45'
sequence='\x1b[<35;45;'
sequence='\x1b[<35;45;2'
sequence='\x1b[<35;45;20'
sequence='\x1b[<35;45;20m'
FEED '\x1b[<35;46;19m'
character='\x1b'
sequence='\x1b['
sequence='\x1b[<'
sequence='\x1b[<3'
sequence='\x1b[<35'
sequence='\x1b[<35;'
sequence='\x1b[<35;4'
sequence='\x1b[<35;46'
sequence='\x1b[<35;46;'
sequence='\x1b[<35;46;1'
sequence='\x1b[<35;46;19'
sequence='\x1b[<35;46;19m'
FEED '\x1b[<35;47;18m'
character='\x1b'
sequence='\x1b['
sequence='\x1b[<'
sequence='\x1b[<3'
sequence='\x1b[<35'
sequence='\x1b[<35;'
sequence='\x1b[<35;4'
sequence='\x1b[<35;47'
sequence='\x1b[<35;47;'
sequence='\x1b[<35;47;1'
sequence='\x1b[<35;47;18'
sequence='\x1b[<35;47;18m'
FEED '\x1b[<35;48;18m'
character='\x1b'
sequence='\x1b['
sequence='\x1b[<'
sequence='\x1b[<3'
sequence='\x1b[<35'
sequence='\x1b[<35;'
sequence='\x1b[<35;4'
sequence='\x1b[<35;48'
sequence='\x1b[<35;48;'
sequence='\x1b[<35;48;1'
sequence='\x1b[<35;48;18'
sequence='\x1b[<35;48;18m'
FEED '\x1b[<35;48;17m'
character='\x1b'
sequence='\x1b['
sequence='\x1b[<'
sequence='\x1b[<3'
sequence='\x1b[<35'
sequence='\x1b[<35;'
sequence='\x1b[<35;4'
sequence='\x1b[<35;48'
sequence='\x1b[<35;48;'
sequence='\x1b[<35;48;1'
sequence='\x1b[<35;48;17'
sequence='\x1b[<35;48;17m'
FEED '\x1b[<0;48;17M'
character='\x1b'
sequence='\x1b['
sequence='\x1b[<'
sequence='\x1b[<0'
sequence='\x1b[<0;'
sequence='\x1b[<0;4'
sequence='\x1b[<0;48'
sequence='\x1b[<0;48;'
sequence='\x1b[<0;48;1'
sequence='\x1b[<0;48;17'
sequence='\x1b[<0;48;17M'
FEED '\x1b[<0;48;17m'
character='\x1b'
sequence='\x1b['
sequence='\x1b[<'
sequence='\x1b[<0'
sequence='\x1b[<0;'
sequence='\x1b[<0;4'
sequence='\x1b[<0;48'
sequence='\x1b[<0;48;'
sequence='\x1b[<0;48;1'
sequence='\x1b[<0;48;17'
sequence='\x1b[<0;48;17m'
